2022-11-01 14:16:53 - INFO - СТЕНД_ДИАГНОСТИКИ - Получении ip хоста...
2022-11-01 14:16:53 - INFO - СТЕНД_ДИАГНОСТИКИ - Ip хоста успешно получен...
2022-11-01 14:16:53 - INFO - СТЕНД_ДИАГНОСТИКИ - Проверка подключения к БД...
2022-11-01 14:16:53 - INFO - СТЕНД_ДИАГНОСТИКИ - Подключение к БД успешно!
2022-11-01 14:16:53 - INFO - СТЕНД_ДИАГНОСТИКИ - Включение tcp-to-serial мостов...
2022-11-01 14:16:53 - INFO - СТЕНД_ДИАГНОСТИКИ - Cервис tcp-to-serial-bridge-router1 запущен
2022-11-01 14:16:54 - ERROR - СТЕНД_ДИАГНОСТИКИ - Сервис tftp не удается запустить,                             выполнение программы невозможно
2022-11-01 14:16:55 - ERROR - СТЕНД_ДИАГНОСТИКИ - Сервис vsftp не удается запустить,                             выполнение программы невозможно
2022-11-01 14:17:25 - INFO - СТЕНД_ДИАГНОСТИКИ - Получении ip хоста...
2022-11-01 14:17:25 - INFO - СТЕНД_ДИАГНОСТИКИ - Ip хоста успешно получен...
2022-11-01 14:17:25 - INFO - СТЕНД_ДИАГНОСТИКИ - Проверка подключения к БД...
2022-11-01 14:17:25 - INFO - СТЕНД_ДИАГНОСТИКИ - Подключение к БД успешно!
2022-11-01 14:17:25 - INFO - СТЕНД_ДИАГНОСТИКИ - Включение tcp-to-serial мостов...
2022-11-01 14:17:25 - INFO - СТЕНД_ДИАГНОСТИКИ - Cервис tcp-to-serial-bridge-router1 запущен
2022-11-01 14:17:26 - ERROR - СТЕНД_ДИАГНОСТИКИ - Сервис tftp не удается запустить,                             выполнение программы невозможно
2022-11-01 14:17:27 - ERROR - СТЕНД_ДИАГНОСТИКИ - Сервис vsftp не удается запустить,                             выполнение программы невозможно
2022-11-01 14:19:55 - INFO - СТЕНД_ДИАГНОСТИКИ - Получении ip хоста...
2022-11-01 14:19:55 - INFO - СТЕНД_ДИАГНОСТИКИ - Ip хоста успешно получен...
2022-11-01 14:19:55 - INFO - СТЕНД_ДИАГНОСТИКИ - Проверка подключения к БД...
2022-11-01 14:19:55 - INFO - СТЕНД_ДИАГНОСТИКИ - Подключение к БД успешно!
2022-11-01 14:19:55 - INFO - СТЕНД_ДИАГНОСТИКИ - Включение tcp-to-serial мостов...
2022-11-01 14:19:56 - INFO - СТЕНД_ДИАГНОСТИКИ - Cервис tcp-to-serial-bridge-router1 запущен
2022-11-01 14:19:56 - INFO - СТЕНД_ДИАГНОСТИКИ - Cервис tftpd-hpa запущен
2022-11-01 14:19:57 - INFO - СТЕНД_ДИАГНОСТИКИ - Cервис vsftpd запущен
2022-11-01 14:28:28 - INFO - СТЕНД_ДИАГНОСТИКИ - Получении ip хоста...
2022-11-01 14:28:28 - INFO - СТЕНД_ДИАГНОСТИКИ - Ip хоста успешно получен...
2022-11-01 14:28:28 - INFO - СТЕНД_ДИАГНОСТИКИ - Проверка подключения к БД...
2022-11-01 14:28:28 - INFO - СТЕНД_ДИАГНОСТИКИ - Подключение к БД успешно!
2022-11-01 14:28:28 - INFO - СТЕНД_ДИАГНОСТИКИ - Включение tcp-to-serial мостов...
2022-11-01 14:28:29 - INFO - СТЕНД_ДИАГНОСТИКИ - Cервис tcp-to-serial-bridge-router1 запущен
2022-11-01 14:28:29 - INFO - СТЕНД_ДИАГНОСТИКИ - Cервис tftpd-hpa запущен
2022-11-01 14:28:30 - INFO - СТЕНД_ДИАГНОСТИКИ - Cервис vsftpd запущен
2022-11-01 14:31:58 - INFO - СТЕНД_ДИАГНОСТИКИ - Получении ip хоста...
2022-11-01 14:31:58 - INFO - СТЕНД_ДИАГНОСТИКИ - Ip хоста успешно получен...
2022-11-01 14:31:58 - INFO - СТЕНД_ДИАГНОСТИКИ - Проверка подключения к БД...
2022-11-01 14:31:58 - INFO - СТЕНД_ДИАГНОСТИКИ - Подключение к БД успешно!
2022-11-01 14:31:58 - INFO - СТЕНД_ДИАГНОСТИКИ - Включение tcp-to-serial мостов...
2022-11-01 14:31:59 - INFO - СТЕНД_ДИАГНОСТИКИ - Cервис tcp-to-serial-bridge-router1 запущен
2022-11-01 14:32:00 - INFO - СТЕНД_ДИАГНОСТИКИ - Cервис tftpd-hpa запущен
2022-11-01 14:32:00 - INFO - СТЕНД_ДИАГНОСТИКИ - Cервис vsftpd запущен
2022-11-02 07:37:07 - INFO - СТЕНД_ДИАГНОСТИКИ - Получении ip хоста...
2022-11-02 07:37:07 - INFO - СТЕНД_ДИАГНОСТИКИ - Ip хоста успешно получен...
2022-11-02 07:37:07 - INFO - СТЕНД_ДИАГНОСТИКИ - Проверка подключения к БД...
2022-11-02 07:37:07 - INFO - СТЕНД_ДИАГНОСТИКИ - Подключение к БД успешно!
2022-11-02 07:37:07 - INFO - СТЕНД_ДИАГНОСТИКИ - Включение tcp-to-serial мостов...
2022-11-02 07:37:08 - INFO - СТЕНД_ДИАГНОСТИКИ - Cервис tcp-to-serial-bridge-router1 запущен
2022-11-02 07:37:09 - INFO - СТЕНД_ДИАГНОСТИКИ - Cервис tftpd-hpa запущен
2022-11-02 07:37:10 - INFO - СТЕНД_ДИАГНОСТИКИ - Cервис vsftpd запущен
2022-11-02 07:41:13 - INFO - СТЕНД_ДИАГНОСТИКИ - Получении ip хоста...
2022-11-02 07:41:13 - INFO - СТЕНД_ДИАГНОСТИКИ - Ip хоста успешно получен...
2022-11-02 07:41:13 - INFO - СТЕНД_ДИАГНОСТИКИ - Проверка подключения к БД...
2022-11-02 07:41:13 - INFO - СТЕНД_ДИАГНОСТИКИ - Подключение к БД успешно!
2022-11-02 07:41:13 - INFO - СТЕНД_ДИАГНОСТИКИ - Включение tcp-to-serial мостов...
2022-11-02 07:41:13 - INFO - СТЕНД_ДИАГНОСТИКИ - Cервис tcp-to-serial-bridge-router1 запущен
2022-11-02 07:41:14 - INFO - СТЕНД_ДИАГНОСТИКИ - Cервис tftpd-hpa запущен
2022-11-02 07:41:15 - INFO - СТЕНД_ДИАГНОСТИКИ - Cервис vsftpd запущен
2022-11-02 07:41:52 - INFO - СТЕНД_ДИАГНОСТИКИ - Получении ip хоста...
2022-11-02 07:41:52 - INFO - СТЕНД_ДИАГНОСТИКИ - Ip хоста успешно получен...
2022-11-02 07:41:52 - INFO - СТЕНД_ДИАГНОСТИКИ - Проверка подключения к БД...
2022-11-02 07:41:52 - INFO - СТЕНД_ДИАГНОСТИКИ - Подключение к БД успешно!
2022-11-02 07:41:52 - INFO - СТЕНД_ДИАГНОСТИКИ - Включение tcp-to-serial мостов...
2022-11-02 07:41:53 - INFO - СТЕНД_ДИАГНОСТИКИ - Cервис tcp-to-serial-bridge-router1 запущен
2022-11-02 07:41:53 - INFO - СТЕНД_ДИАГНОСТИКИ - Cервис tftpd-hpa запущен
2022-11-02 07:41:54 - INFO - СТЕНД_ДИАГНОСТИКИ - Cервис vsftpd запущен
2022-11-02 07:45:29 - INFO - СТЕНД_ДИАГНОСТИКИ - Получении ip хоста...
2022-11-02 07:45:29 - INFO - СТЕНД_ДИАГНОСТИКИ - Ip хоста успешно получен...
2022-11-02 07:45:29 - INFO - СТЕНД_ДИАГНОСТИКИ - Проверка подключения к БД...
2022-11-02 07:45:29 - INFO - СТЕНД_ДИАГНОСТИКИ - Подключение к БД успешно!
2022-11-02 07:45:29 - INFO - СТЕНД_ДИАГНОСТИКИ - Включение tcp-to-serial мостов...
2022-11-02 07:45:30 - INFO - СТЕНД_ДИАГНОСТИКИ - Cервис tcp-to-serial-bridge-router1 запущен
2022-11-02 07:45:31 - INFO - СТЕНД_ДИАГНОСТИКИ - Cервис tftpd-hpa запущен
2022-11-02 07:45:32 - INFO - СТЕНД_ДИАГНОСТИКИ - Cервис vsftpd запущен
2022-11-02 07:51:23 - INFO - СТЕНД_ДИАГНОСТИКИ - Получении ip хоста...
2022-11-02 07:51:23 - INFO - СТЕНД_ДИАГНОСТИКИ - Ip хоста успешно получен...
2022-11-02 07:51:23 - INFO - СТЕНД_ДИАГНОСТИКИ - Проверка подключения к БД...
2022-11-02 07:51:23 - INFO - СТЕНД_ДИАГНОСТИКИ - Подключение к БД успешно!
2022-11-02 07:51:23 - INFO - СТЕНД_ДИАГНОСТИКИ - Включение tcp-to-serial мостов...
2022-11-02 07:51:24 - INFO - СТЕНД_ДИАГНОСТИКИ - Cервис tcp-to-serial-bridge-router1 запущен
2022-11-02 07:51:25 - INFO - СТЕНД_ДИАГНОСТИКИ - Cервис tftpd-hpa запущен
2022-11-02 07:51:26 - INFO - СТЕНД_ДИАГНОСТИКИ - Cервис vsftpd запущен
2022-11-02 07:52:21 - INFO - СТЕНД_ДИАГНОСТИКИ - Получении ip хоста...
2022-11-02 07:52:21 - INFO - СТЕНД_ДИАГНОСТИКИ - Ip хоста успешно получен...
2022-11-02 07:52:21 - INFO - СТЕНД_ДИАГНОСТИКИ - Проверка подключения к БД...
2022-11-02 07:52:21 - INFO - СТЕНД_ДИАГНОСТИКИ - Подключение к БД успешно!
2022-11-02 07:52:21 - INFO - СТЕНД_ДИАГНОСТИКИ - Включение tcp-to-serial мостов...
2022-11-02 07:52:21 - INFO - СТЕНД_ДИАГНОСТИКИ - Cервис tcp-to-serial-bridge-router1 запущен
2022-11-02 07:52:22 - INFO - СТЕНД_ДИАГНОСТИКИ - Cервис tftpd-hpa запущен
2022-11-02 07:52:23 - INFO - СТЕНД_ДИАГНОСТИКИ - Cервис vsftpd запущен
2022-11-02 08:38:10 - INFO - СТЕНД_ДИАГНОСТИКИ - Получении ip хоста...
2022-11-02 08:38:10 - INFO - СТЕНД_ДИАГНОСТИКИ - Ip хоста успешно получен...
2022-11-02 08:38:10 - INFO - СТЕНД_ДИАГНОСТИКИ - Проверка подключения к БД...
2022-11-02 08:38:10 - INFO - СТЕНД_ДИАГНОСТИКИ - Подключение к БД успешно!
2022-11-02 08:38:10 - INFO - СТЕНД_ДИАГНОСТИКИ - Включение tcp-to-serial мостов...
2022-11-02 08:38:11 - INFO - СТЕНД_ДИАГНОСТИКИ - Cервис tcp-to-serial-bridge-router1 запущен
2022-11-02 08:38:12 - INFO - СТЕНД_ДИАГНОСТИКИ - Cервис tftpd-hpa запущен
2022-11-02 08:38:13 - INFO - СТЕНД_ДИАГНОСТИКИ - Cервис vsftpd запущен
2022-11-02 08:43:21 - INFO - СТЕНД_ДИАГНОСТИКИ - Получении ip хоста...
2022-11-02 08:43:21 - INFO - СТЕНД_ДИАГНОСТИКИ - Ip хоста успешно получен...
2022-11-02 08:43:21 - INFO - СТЕНД_ДИАГНОСТИКИ - Проверка подключения к БД...
2022-11-02 08:43:21 - INFO - СТЕНД_ДИАГНОСТИКИ - Подключение к БД успешно!
2022-11-02 08:43:21 - INFO - СТЕНД_ДИАГНОСТИКИ - Включение tcp-to-serial мостов...
2022-11-02 08:43:21 - INFO - СТЕНД_ДИАГНОСТИКИ - Cервис tcp-to-serial-bridge-router1 запущен
2022-11-02 08:43:22 - INFO - СТЕНД_ДИАГНОСТИКИ - Cервис tftpd-hpa запущен
2022-11-02 08:43:23 - INFO - СТЕНД_ДИАГНОСТИКИ - Cервис vsftpd запущен
2022-11-02 08:50:25 - INFO - СТЕНД_ДИАГНОСТИКИ - Получении ip хоста...
2022-11-02 08:50:25 - INFO - СТЕНД_ДИАГНОСТИКИ - Ip хоста успешно получен...
2022-11-02 08:50:25 - INFO - СТЕНД_ДИАГНОСТИКИ - Проверка подключения к БД...
2022-11-02 08:50:25 - INFO - СТЕНД_ДИАГНОСТИКИ - Подключение к БД успешно!
2022-11-02 08:50:25 - INFO - СТЕНД_ДИАГНОСТИКИ - Включение tcp-to-serial мостов...
2022-11-02 08:50:26 - INFO - СТЕНД_ДИАГНОСТИКИ - Cервис tcp-to-serial-bridge-router1 запущен
2022-11-02 08:50:27 - INFO - СТЕНД_ДИАГНОСТИКИ - Cервис tftpd-hpa запущен
2022-11-02 08:50:28 - INFO - СТЕНД_ДИАГНОСТИКИ - Cервис vsftpd запущен
2022-11-02 09:00:22 - INFO - СТЕНД_ДИАГНОСТИКИ - Получении ip хоста...
2022-11-02 09:00:22 - INFO - СТЕНД_ДИАГНОСТИКИ - Ip хоста успешно получен...
2022-11-02 09:00:22 - INFO - СТЕНД_ДИАГНОСТИКИ - Проверка подключения к БД...
2022-11-02 09:00:22 - INFO - СТЕНД_ДИАГНОСТИКИ - Подключение к БД успешно!
2022-11-02 09:00:22 - INFO - СТЕНД_ДИАГНОСТИКИ - Включение tcp-to-serial мостов...
2022-11-02 09:00:23 - INFO - СТЕНД_ДИАГНОСТИКИ - Cервис tcp-to-serial-bridge-router1 запущен
2022-11-02 09:00:24 - INFO - СТЕНД_ДИАГНОСТИКИ - Cервис tftpd-hpa запущен
2022-11-02 09:00:25 - INFO - СТЕНД_ДИАГНОСТИКИ - Cервис vsftpd запущен
2022-11-02 09:08:37 - INFO - СТЕНД_ДИАГНОСТИКИ - Получении ip хоста...
2022-11-02 09:08:37 - INFO - СТЕНД_ДИАГНОСТИКИ - Ip хоста успешно получен...
2022-11-02 09:08:37 - INFO - СТЕНД_ДИАГНОСТИКИ - Проверка подключения к БД...
2022-11-02 09:08:37 - INFO - СТЕНД_ДИАГНОСТИКИ - Подключение к БД успешно!
2022-11-02 09:08:37 - INFO - СТЕНД_ДИАГНОСТИКИ - Включение tcp-to-serial мостов...
2022-11-02 09:08:38 - INFO - СТЕНД_ДИАГНОСТИКИ - Cервис tcp-to-serial-bridge-router1 запущен
2022-11-02 09:08:39 - INFO - СТЕНД_ДИАГНОСТИКИ - Cервис tftpd-hpa запущен
2022-11-02 09:08:40 - INFO - СТЕНД_ДИАГНОСТИКИ - Cервис vsftpd запущен
2022-11-02 09:12:32 - INFO - СТЕНД_ДИАГНОСТИКИ - Получении ip хоста...
2022-11-02 09:12:32 - INFO - СТЕНД_ДИАГНОСТИКИ - Ip хоста успешно получен...
2022-11-02 09:12:32 - INFO - СТЕНД_ДИАГНОСТИКИ - Проверка подключения к БД...
2022-11-02 09:12:32 - INFO - СТЕНД_ДИАГНОСТИКИ - Подключение к БД успешно!
2022-11-02 09:12:32 - INFO - СТЕНД_ДИАГНОСТИКИ - Включение tcp-to-serial мостов...
2022-11-02 09:12:32 - INFO - СТЕНД_ДИАГНОСТИКИ - Cервис tcp-to-serial-bridge-router1 запущен
2022-11-02 09:12:33 - INFO - СТЕНД_ДИАГНОСТИКИ - Cервис tftpd-hpa запущен
2022-11-02 09:12:34 - INFO - СТЕНД_ДИАГНОСТИКИ - Cервис vsftpd запущен
2022-11-02 09:16:40 - INFO - СТЕНД_ДИАГНОСТИКИ - Получении ip хоста...
2022-11-02 09:16:40 - INFO - СТЕНД_ДИАГНОСТИКИ - Ip хоста успешно получен...
2022-11-02 09:16:40 - INFO - СТЕНД_ДИАГНОСТИКИ - Проверка подключения к БД...
2022-11-02 09:16:40 - INFO - СТЕНД_ДИАГНОСТИКИ - Подключение к БД успешно!
2022-11-02 09:16:40 - INFO - СТЕНД_ДИАГНОСТИКИ - Включение tcp-to-serial мостов...
2022-11-02 09:16:40 - INFO - СТЕНД_ДИАГНОСТИКИ - Cервис tcp-to-serial-bridge-router1 запущен
2022-11-02 09:16:41 - INFO - СТЕНД_ДИАГНОСТИКИ - Cервис tftpd-hpa запущен
2022-11-02 09:16:42 - INFO - СТЕНД_ДИАГНОСТИКИ - Cервис vsftpd запущен
2022-11-02 09:37:15 - INFO - СТЕНД_ДИАГНОСТИКИ - Получении ip хоста...
2022-11-02 09:37:15 - INFO - СТЕНД_ДИАГНОСТИКИ - Ip хоста успешно получен...
2022-11-02 09:37:15 - INFO - СТЕНД_ДИАГНОСТИКИ - Проверка подключения к БД...
2022-11-02 09:37:15 - INFO - СТЕНД_ДИАГНОСТИКИ - Подключение к БД успешно!
2022-11-02 09:37:15 - INFO - СТЕНД_ДИАГНОСТИКИ - Включение tcp-to-serial мостов...
2022-11-02 09:37:16 - INFO - СТЕНД_ДИАГНОСТИКИ - Cервис tcp-to-serial-bridge-router1 запущен
2022-11-02 09:37:17 - INFO - СТЕНД_ДИАГНОСТИКИ - Cервис tftpd-hpa запущен
2022-11-02 09:37:18 - INFO - СТЕНД_ДИАГНОСТИКИ - Cервис vsftpd запущен
2022-11-02 09:40:12 - INFO - СТЕНД_ДИАГНОСТИКИ - Получении ip хоста...
2022-11-02 09:40:12 - INFO - СТЕНД_ДИАГНОСТИКИ - Ip хоста успешно получен...
2022-11-02 09:40:12 - INFO - СТЕНД_ДИАГНОСТИКИ - Проверка подключения к БД...
2022-11-02 09:40:12 - INFO - СТЕНД_ДИАГНОСТИКИ - Подключение к БД успешно!
2022-11-02 09:40:12 - INFO - СТЕНД_ДИАГНОСТИКИ - Включение tcp-to-serial мостов...
2022-11-02 09:40:13 - INFO - СТЕНД_ДИАГНОСТИКИ - Cервис tcp-to-serial-bridge-router1 запущен
2022-11-02 09:40:14 - INFO - СТЕНД_ДИАГНОСТИКИ - Cервис tftpd-hpa запущен
2022-11-02 09:40:14 - INFO - СТЕНД_ДИАГНОСТИКИ - Cервис vsftpd запущен
2022-11-02 09:43:43 - INFO - СТЕНД_ДИАГНОСТИКИ - Получении ip хоста...
2022-11-02 09:43:43 - INFO - СТЕНД_ДИАГНОСТИКИ - Ip хоста успешно получен...
2022-11-02 09:43:43 - INFO - СТЕНД_ДИАГНОСТИКИ - Проверка подключения к БД...
2022-11-02 09:43:43 - INFO - СТЕНД_ДИАГНОСТИКИ - Подключение к БД успешно!
2022-11-02 09:43:43 - INFO - СТЕНД_ДИАГНОСТИКИ - Включение tcp-to-serial мостов...
2022-11-02 09:43:44 - INFO - СТЕНД_ДИАГНОСТИКИ - Cервис tcp-to-serial-bridge-router1 запущен
2022-11-02 09:43:44 - INFO - СТЕНД_ДИАГНОСТИКИ - Cервис tftpd-hpa запущен
2022-11-02 09:43:45 - INFO - СТЕНД_ДИАГНОСТИКИ - Cервис vsftpd запущен
2022-11-02 09:47:43 - INFO - СТЕНД_ДИАГНОСТИКИ - Получении ip хоста...
2022-11-02 09:47:43 - INFO - СТЕНД_ДИАГНОСТИКИ - Ip хоста успешно получен...
2022-11-02 09:47:43 - INFO - СТЕНД_ДИАГНОСТИКИ - Проверка подключения к БД...
2022-11-02 09:47:43 - INFO - СТЕНД_ДИАГНОСТИКИ - Подключение к БД успешно!
2022-11-02 09:47:43 - INFO - СТЕНД_ДИАГНОСТИКИ - Включение tcp-to-serial мостов...
2022-11-02 09:47:44 - INFO - СТЕНД_ДИАГНОСТИКИ - Cервис tcp-to-serial-bridge-router1 запущен
2022-11-02 09:47:45 - INFO - СТЕНД_ДИАГНОСТИКИ - Cервис tftpd-hpa запущен
2022-11-02 09:47:46 - INFO - СТЕНД_ДИАГНОСТИКИ - Cервис vsftpd запущен
2022-11-02 10:00:44 - INFO - СТЕНД_ДИАГНОСТИКИ - Получении ip хоста...
2022-11-02 10:00:44 - INFO - СТЕНД_ДИАГНОСТИКИ - Ip хоста успешно получен...
2022-11-02 10:00:44 - INFO - СТЕНД_ДИАГНОСТИКИ - Проверка подключения к БД...
2022-11-02 10:00:44 - INFO - СТЕНД_ДИАГНОСТИКИ - Подключение к БД успешно!
2022-11-02 10:00:44 - INFO - СТЕНД_ДИАГНОСТИКИ - Включение tcp-to-serial мостов...
2022-11-02 10:00:45 - INFO - СТЕНД_ДИАГНОСТИКИ - Cервис tcp-to-serial-bridge-router1 запущен
2022-11-02 10:00:46 - INFO - СТЕНД_ДИАГНОСТИКИ - Cервис tftpd-hpa запущен
2022-11-02 10:00:47 - INFO - СТЕНД_ДИАГНОСТИКИ - Cервис vsftpd запущен
2022-11-02 12:18:42 - INFO - СТЕНД_ДИАГНОСТИКИ - Получении ip хоста...
2022-11-02 12:18:42 - INFO - СТЕНД_ДИАГНОСТИКИ - Ip хоста успешно получен...
2022-11-02 12:18:42 - INFO - СТЕНД_ДИАГНОСТИКИ - Проверка подключения к БД...
2022-11-02 12:18:42 - INFO - СТЕНД_ДИАГНОСТИКИ - Подключение к БД успешно!
2022-11-02 12:18:42 - INFO - СТЕНД_ДИАГНОСТИКИ - Включение tcp-to-serial мостов...
2022-11-02 12:18:43 - INFO - СТЕНД_ДИАГНОСТИКИ - Cервис tcp-to-serial-bridge-router1 запущен
2022-11-02 12:18:44 - INFO - СТЕНД_ДИАГНОСТИКИ - Cервис tftpd-hpa запущен
2022-11-02 12:18:45 - INFO - СТЕНД_ДИАГНОСТИКИ - Cервис vsftpd запущен
2022-11-02 12:48:42 - INFO - СТЕНД_ДИАГНОСТИКИ - Получении ip хоста...
2022-11-02 12:48:42 - INFO - СТЕНД_ДИАГНОСТИКИ - Ip хоста успешно получен...
2022-11-02 12:48:42 - INFO - СТЕНД_ДИАГНОСТИКИ - Проверка подключения к БД...
2022-11-02 12:48:42 - INFO - СТЕНД_ДИАГНОСТИКИ - Подключение к БД успешно!
2022-11-02 12:48:42 - INFO - СТЕНД_ДИАГНОСТИКИ - Включение tcp-to-serial мостов...
2022-11-02 12:48:43 - INFO - СТЕНД_ДИАГНОСТИКИ - Cервис tcp-to-serial-bridge-router1 запущен
2022-11-02 12:48:44 - INFO - СТЕНД_ДИАГНОСТИКИ - Cервис tftpd-hpa запущен
2022-11-02 12:48:45 - INFO - СТЕНД_ДИАГНОСТИКИ - Cервис vsftpd запущен
2022-11-02 13:25:21 - INFO - СТЕНД_ДИАГНОСТИКИ - Получении ip хоста...
2022-11-02 13:25:21 - INFO - СТЕНД_ДИАГНОСТИКИ - Ip хоста успешно получен...
2022-11-02 13:25:21 - INFO - СТЕНД_ДИАГНОСТИКИ - Проверка подключения к БД...
2022-11-02 13:25:21 - INFO - СТЕНД_ДИАГНОСТИКИ - Подключение к БД успешно!
2022-11-02 13:25:21 - INFO - СТЕНД_ДИАГНОСТИКИ - Включение tcp-to-serial мостов...
2022-11-02 13:25:22 - INFO - СТЕНД_ДИАГНОСТИКИ - Cервис tcp-to-serial-bridge-router1 запущен
2022-11-02 13:25:23 - INFO - СТЕНД_ДИАГНОСТИКИ - Cервис tftpd-hpa запущен
2022-11-02 13:25:23 - INFO - СТЕНД_ДИАГНОСТИКИ - Cервис vsftpd запущен
2022-11-02 13:34:02 - INFO - СТЕНД_ДИАГНОСТИКИ - Получении ip хоста...
2022-11-02 13:34:02 - INFO - СТЕНД_ДИАГНОСТИКИ - Ip хоста успешно получен...
2022-11-02 13:34:02 - INFO - СТЕНД_ДИАГНОСТИКИ - Проверка подключения к БД...
2022-11-02 13:34:02 - INFO - СТЕНД_ДИАГНОСТИКИ - Подключение к БД успешно!
2022-11-02 13:34:02 - INFO - СТЕНД_ДИАГНОСТИКИ - Включение tcp-to-serial мостов...
2022-11-02 13:34:03 - INFO - СТЕНД_ДИАГНОСТИКИ - Cервис tcp-to-serial-bridge-router1 запущен
2022-11-02 13:34:04 - INFO - СТЕНД_ДИАГНОСТИКИ - Cервис tftpd-hpa запущен
2022-11-02 13:34:04 - INFO - СТЕНД_ДИАГНОСТИКИ - Cервис vsftpd запущен
2022-11-02 13:39:23 - INFO - СТЕНД_ДИАГНОСТИКИ - Получении ip хоста...
2022-11-02 13:39:23 - INFO - СТЕНД_ДИАГНОСТИКИ - Ip хоста успешно получен...
2022-11-02 13:39:23 - INFO - СТЕНД_ДИАГНОСТИКИ - Проверка подключения к БД...
2022-11-02 13:39:23 - INFO - СТЕНД_ДИАГНОСТИКИ - Подключение к БД успешно!
2022-11-02 13:39:23 - INFO - СТЕНД_ДИАГНОСТИКИ - Включение tcp-to-serial мостов...
2022-11-02 13:39:24 - INFO - СТЕНД_ДИАГНОСТИКИ - Cервис tcp-to-serial-bridge-router1 запущен
2022-11-02 13:39:24 - INFO - СТЕНД_ДИАГНОСТИКИ - Cервис tftpd-hpa запущен
2022-11-02 13:39:25 - INFO - СТЕНД_ДИАГНОСТИКИ - Cервис vsftpd запущен
2022-11-02 13:44:32 - INFO - СТЕНД_ДИАГНОСТИКИ - Получении ip хоста...
2022-11-02 13:44:32 - INFO - СТЕНД_ДИАГНОСТИКИ - Ip хоста успешно получен...
2022-11-02 13:44:32 - INFO - СТЕНД_ДИАГНОСТИКИ - Проверка подключения к БД...
2022-11-02 13:44:32 - INFO - СТЕНД_ДИАГНОСТИКИ - Подключение к БД успешно!
2022-11-02 13:44:32 - INFO - СТЕНД_ДИАГНОСТИКИ - Включение tcp-to-serial мостов...
2022-11-02 13:44:33 - INFO - СТЕНД_ДИАГНОСТИКИ - Cервис tcp-to-serial-bridge-router1 запущен
2022-11-02 13:44:34 - INFO - СТЕНД_ДИАГНОСТИКИ - Cервис tftpd-hpa запущен
2022-11-02 13:44:34 - INFO - СТЕНД_ДИАГНОСТИКИ - Cервис vsftpd запущен
2022-11-02 13:57:29 - INFO - СТЕНД_ДИАГНОСТИКИ - Получении ip хоста...
2022-11-02 13:57:29 - INFO - СТЕНД_ДИАГНОСТИКИ - Ip хоста успешно получен...
2022-11-02 13:57:29 - INFO - СТЕНД_ДИАГНОСТИКИ - Проверка подключения к БД...
2022-11-02 13:57:29 - INFO - СТЕНД_ДИАГНОСТИКИ - Подключение к БД успешно!
2022-11-02 13:57:29 - INFO - СТЕНД_ДИАГНОСТИКИ - Включение tcp-to-serial мостов...
2022-11-02 13:57:30 - INFO - СТЕНД_ДИАГНОСТИКИ - Cервис tcp-to-serial-bridge-router1 запущен
2022-11-02 13:57:31 - INFO - СТЕНД_ДИАГНОСТИКИ - Cервис tftpd-hpa запущен
2022-11-02 13:57:31 - INFO - СТЕНД_ДИАГНОСТИКИ - Cервис vsftpd запущен
2022-11-02 14:02:02 - INFO - СТЕНД_ДИАГНОСТИКИ - Получении ip хоста...
2022-11-02 14:02:02 - INFO - СТЕНД_ДИАГНОСТИКИ - Ip хоста успешно получен...
2022-11-02 14:02:02 - INFO - СТЕНД_ДИАГНОСТИКИ - Проверка подключения к БД...
2022-11-02 14:02:02 - INFO - СТЕНД_ДИАГНОСТИКИ - Подключение к БД успешно!
2022-11-02 14:02:02 - INFO - СТЕНД_ДИАГНОСТИКИ - Включение tcp-to-serial мостов...
2022-11-02 14:02:03 - INFO - СТЕНД_ДИАГНОСТИКИ - Cервис tcp-to-serial-bridge-router1 запущен
2022-11-02 14:02:04 - INFO - СТЕНД_ДИАГНОСТИКИ - Cервис tftpd-hpa запущен
2022-11-02 14:02:04 - INFO - СТЕНД_ДИАГНОСТИКИ - Cервис vsftpd запущен
2022-11-02 14:23:19 - INFO - СТЕНД_ДИАГНОСТИКИ - Получении ip хоста...
2022-11-02 14:23:19 - INFO - СТЕНД_ДИАГНОСТИКИ - Ip хоста успешно получен...
2022-11-02 14:23:19 - INFO - СТЕНД_ДИАГНОСТИКИ - Проверка подключения к БД...
2022-11-02 14:23:19 - INFO - СТЕНД_ДИАГНОСТИКИ - Подключение к БД успешно!
2022-11-02 14:23:19 - INFO - СТЕНД_ДИАГНОСТИКИ - Включение tcp-to-serial мостов...
2022-11-02 14:23:20 - INFO - СТЕНД_ДИАГНОСТИКИ - Cервис tcp-to-serial-bridge-router1 запущен
2022-11-02 14:23:20 - INFO - СТЕНД_ДИАГНОСТИКИ - Cервис tftpd-hpa запущен
2022-11-02 14:23:21 - INFO - СТЕНД_ДИАГНОСТИКИ - Cервис vsftpd запущен
2022-11-02 14:43:55 - INFO - СТЕНД_ДИАГНОСТИКИ - Получении ip хоста...
2022-11-02 14:43:55 - INFO - СТЕНД_ДИАГНОСТИКИ - Ip хоста успешно получен...
2022-11-02 14:43:55 - INFO - СТЕНД_ДИАГНОСТИКИ - Проверка подключения к БД...
2022-11-02 14:43:55 - INFO - СТЕНД_ДИАГНОСТИКИ - Подключение к БД успешно!
2022-11-02 14:43:55 - INFO - СТЕНД_ДИАГНОСТИКИ - Включение tcp-to-serial мостов...
2022-11-02 14:43:55 - INFO - СТЕНД_ДИАГНОСТИКИ - Cервис tcp-to-serial-bridge-router1 запущен
2022-11-02 14:43:56 - INFO - СТЕНД_ДИАГНОСТИКИ - Cервис tftpd-hpa запущен
2022-11-02 14:43:57 - INFO - СТЕНД_ДИАГНОСТИКИ - Cервис vsftpd запущен
2022-11-02 15:09:37 - INFO - СТЕНД_ДИАГНОСТИКИ - Получении ip хоста...
2022-11-02 15:09:37 - INFO - СТЕНД_ДИАГНОСТИКИ - Ip хоста успешно получен...
2022-11-02 15:09:37 - INFO - СТЕНД_ДИАГНОСТИКИ - Проверка подключения к БД...
2022-11-02 15:09:37 - INFO - СТЕНД_ДИАГНОСТИКИ - Подключение к БД успешно!
2022-11-02 15:09:37 - INFO - СТЕНД_ДИАГНОСТИКИ - Включение tcp-to-serial мостов...
2022-11-02 15:09:37 - INFO - СТЕНД_ДИАГНОСТИКИ - Cервис tcp-to-serial-bridge-router1 запущен
2022-11-02 15:09:38 - INFO - СТЕНД_ДИАГНОСТИКИ - Cервис tftpd-hpa запущен
2022-11-02 15:09:39 - INFO - СТЕНД_ДИАГНОСТИКИ - Cервис vsftpd запущен
2022-11-03 13:39:07 - INFO - СТЕНД_ДИАГНОСТИКИ - Получении ip хоста...
2022-11-03 13:39:07 - INFO - СТЕНД_ДИАГНОСТИКИ - Ip хоста успешно получен...
2022-11-03 13:39:07 - INFO - СТЕНД_ДИАГНОСТИКИ - Проверка подключения к БД...
2022-11-03 13:39:07 - INFO - СТЕНД_ДИАГНОСТИКИ - Подключение к БД успешно!
2022-11-03 13:39:07 - INFO - СТЕНД_ДИАГНОСТИКИ - Включение tcp-to-serial мостов...
2022-11-03 13:39:07 - INFO - СТЕНД_ДИАГНОСТИКИ - Cервис tcp-to-serial-bridge-router1 запущен
2022-11-03 13:39:45 - INFO - СТЕНД_ДИАГНОСТИКИ - Получении ip хоста...
2022-11-03 13:39:45 - INFO - СТЕНД_ДИАГНОСТИКИ - Ip хоста успешно получен...
2022-11-03 13:39:45 - INFO - СТЕНД_ДИАГНОСТИКИ - Проверка подключения к БД...
2022-11-03 13:39:45 - INFO - СТЕНД_ДИАГНОСТИКИ - Подключение к БД успешно!
2022-11-03 13:39:45 - INFO - СТЕНД_ДИАГНОСТИКИ - Включение tcp-to-serial мостов...
2022-11-03 13:39:45 - INFO - СТЕНД_ДИАГНОСТИКИ - Cервис tcp-to-serial-bridge-router1 запущен
2022-11-03 13:40:01 - INFO - СТЕНД_ДИАГНОСТИКИ - Получении ip хоста...
2022-11-03 13:40:01 - INFO - СТЕНД_ДИАГНОСТИКИ - Ip хоста успешно получен...
2022-11-03 13:40:01 - INFO - СТЕНД_ДИАГНОСТИКИ - Проверка подключения к БД...
2022-11-03 13:40:01 - INFO - СТЕНД_ДИАГНОСТИКИ - Подключение к БД успешно!
2022-11-03 13:40:01 - INFO - СТЕНД_ДИАГНОСТИКИ - Включение tcp-to-serial мостов...
2022-11-03 13:40:01 - INFO - СТЕНД_ДИАГНОСТИКИ - Cервис tcp-to-serial-bridge-router1 запущен
2022-11-03 13:40:04 - INFO - СТЕНД_ДИАГНОСТИКИ - Cервис tftpd-hpa запущен
2022-11-03 13:40:05 - INFO - СТЕНД_ДИАГНОСТИКИ - Cервис vsftpd запущен
2022-11-03 13:40:36 - INFO - СТЕНД_ДИАГНОСТИКИ - Получении ip хоста...
2022-11-03 13:40:36 - INFO - СТЕНД_ДИАГНОСТИКИ - Ip хоста успешно получен...
2022-11-03 13:40:36 - INFO - СТЕНД_ДИАГНОСТИКИ - Проверка подключения к БД...
2022-11-03 13:40:36 - INFO - СТЕНД_ДИАГНОСТИКИ - Подключение к БД успешно!
2022-11-03 13:40:36 - INFO - СТЕНД_ДИАГНОСТИКИ - Включение tcp-to-serial мостов...
2022-11-03 13:40:37 - INFO - СТЕНД_ДИАГНОСТИКИ - Cервис tcp-to-serial-bridge-router1 запущен
2022-11-03 13:40:37 - INFO - СТЕНД_ДИАГНОСТИКИ - Cервис tftpd-hpa запущен
2022-11-03 13:40:38 - INFO - СТЕНД_ДИАГНОСТИКИ - Cервис vsftpd запущен
2022-11-03 13:45:34 - INFO - СТЕНД_ДИАГНОСТИКИ - Получении ip хоста...
2022-11-03 13:45:34 - INFO - СТЕНД_ДИАГНОСТИКИ - Ip хоста успешно получен...
2022-11-03 13:45:34 - INFO - СТЕНД_ДИАГНОСТИКИ - Проверка подключения к БД...
2022-11-03 13:45:34 - INFO - СТЕНД_ДИАГНОСТИКИ - Подключение к БД успешно!
2022-11-03 13:45:34 - INFO - СТЕНД_ДИАГНОСТИКИ - Включение tcp-to-serial мостов...
2022-11-03 13:45:34 - INFO - СТЕНД_ДИАГНОСТИКИ - Cервис tcp-to-serial-bridge-router1 запущен
2022-11-03 13:45:35 - INFO - СТЕНД_ДИАГНОСТИКИ - Cервис tftpd-hpa запущен
2022-11-03 13:45:36 - INFO - СТЕНД_ДИАГНОСТИКИ - Cервис vsftpd запущен
2022-11-07 06:44:38 - INFO - СТЕНД_ДИАГНОСТИКИ - Получении ip хоста...
2022-11-07 06:44:38 - INFO - СТЕНД_ДИАГНОСТИКИ - Ip хоста успешно получен...
2022-11-07 06:44:38 - INFO - СТЕНД_ДИАГНОСТИКИ - Проверка подключения к БД...
2022-11-07 06:44:38 - INFO - СТЕНД_ДИАГНОСТИКИ - Подключение к БД успешно!
2022-11-07 06:44:38 - INFO - СТЕНД_ДИАГНОСТИКИ - Включение tcp-to-serial мостов...
2022-11-07 06:44:39 - INFO - СТЕНД_ДИАГНОСТИКИ - Cервис tcp-to-serial-bridge-router1 запущен
2022-11-07 06:44:40 - INFO - СТЕНД_ДИАГНОСТИКИ - Cервис tftpd-hpa запущен
2022-11-07 06:44:41 - INFO - СТЕНД_ДИАГНОСТИКИ - Cервис vsftpd запущен
2022-11-07 06:56:55 - INFO - СТЕНД_ДИАГНОСТИКИ - Получении ip хоста...
2022-11-07 06:56:55 - INFO - СТЕНД_ДИАГНОСТИКИ - Ip хоста успешно получен...
2022-11-07 06:56:55 - INFO - СТЕНД_ДИАГНОСТИКИ - Проверка подключения к БД...
2022-11-07 06:56:55 - INFO - СТЕНД_ДИАГНОСТИКИ - Подключение к БД успешно!
2022-11-07 06:56:55 - INFO - СТЕНД_ДИАГНОСТИКИ - Включение tcp-to-serial мостов...
2022-11-07 06:56:56 - INFO - СТЕНД_ДИАГНОСТИКИ - Cервис tcp-to-serial-bridge-router1 запущен
2022-11-07 06:56:57 - INFO - СТЕНД_ДИАГНОСТИКИ - Cервис tftpd-hpa запущен
2022-11-07 06:56:58 - INFO - СТЕНД_ДИАГНОСТИКИ - Cервис vsftpd запущен
2022-11-07 07:21:57 - INFO - СТЕНД_ДИАГНОСТИКИ - Получении ip хоста...
2022-11-07 07:21:57 - INFO - СТЕНД_ДИАГНОСТИКИ - Ip хоста успешно получен...
2022-11-07 07:21:57 - INFO - СТЕНД_ДИАГНОСТИКИ - Проверка подключения к БД...
2022-11-07 07:21:57 - INFO - СТЕНД_ДИАГНОСТИКИ - Подключение к БД успешно!
2022-11-07 07:21:57 - INFO - СТЕНД_ДИАГНОСТИКИ - Включение tcp-to-serial мостов...
2022-11-07 07:21:58 - INFO - СТЕНД_ДИАГНОСТИКИ - Cервис tcp-to-serial-bridge-router1 запущен
2022-11-07 07:21:59 - INFO - СТЕНД_ДИАГНОСТИКИ - Cервис tftpd-hpa запущен
2022-11-07 07:22:00 - INFO - СТЕНД_ДИАГНОСТИКИ - Cервис vsftpd запущен
2022-11-07 07:25:05 - INFO - СТЕНД_ДИАГНОСТИКИ - Получении ip хоста...
2022-11-07 07:25:05 - INFO - СТЕНД_ДИАГНОСТИКИ - Ip хоста успешно получен...
2022-11-07 07:25:05 - INFO - СТЕНД_ДИАГНОСТИКИ - Проверка подключения к БД...
2022-11-07 07:25:05 - INFO - СТЕНД_ДИАГНОСТИКИ - Подключение к БД успешно!
2022-11-07 07:25:05 - INFO - СТЕНД_ДИАГНОСТИКИ - Включение tcp-to-serial мостов...
2022-11-07 07:25:06 - INFO - СТЕНД_ДИАГНОСТИКИ - Cервис tcp-to-serial-bridge-router1 запущен
2022-11-07 07:25:06 - INFO - СТЕНД_ДИАГНОСТИКИ - Cервис tftpd-hpa запущен
2022-11-07 07:25:07 - INFO - СТЕНД_ДИАГНОСТИКИ - Cервис vsftpd запущен
2022-11-07 07:59:40 - INFO - СТЕНД_ДИАГНОСТИКИ - Получении ip хоста...
2022-11-07 07:59:40 - INFO - СТЕНД_ДИАГНОСТИКИ - Ip хоста успешно получен...
2022-11-07 07:59:40 - INFO - СТЕНД_ДИАГНОСТИКИ - Проверка подключения к БД...
2022-11-07 07:59:40 - INFO - СТЕНД_ДИАГНОСТИКИ - Подключение к БД успешно!
2022-11-07 07:59:40 - INFO - СТЕНД_ДИАГНОСТИКИ - Включение tcp-to-serial мостов...
2022-11-07 07:59:40 - INFO - СТЕНД_ДИАГНОСТИКИ - Cервис tcp-to-serial-bridge-router1 запущен
2022-11-07 07:59:41 - INFO - СТЕНД_ДИАГНОСТИКИ - Cервис tftpd-hpa запущен
2022-11-07 07:59:42 - INFO - СТЕНД_ДИАГНОСТИКИ - Cервис vsftpd запущен
2022-11-07 08:36:02 - INFO - СТЕНД_ДИАГНОСТИКИ - Получении ip хоста...
2022-11-07 08:36:02 - INFO - СТЕНД_ДИАГНОСТИКИ - Ip хоста успешно получен...
2022-11-07 08:36:02 - INFO - СТЕНД_ДИАГНОСТИКИ - Проверка подключения к БД...
2022-11-07 08:36:02 - INFO - СТЕНД_ДИАГНОСТИКИ - Подключение к БД успешно!
2022-11-07 08:36:02 - INFO - СТЕНД_ДИАГНОСТИКИ - Включение tcp-to-serial мостов...
2022-11-07 08:36:02 - INFO - СТЕНД_ДИАГНОСТИКИ - Cервис tcp-to-serial-bridge-router1 запущен
2022-11-07 08:36:03 - INFO - СТЕНД_ДИАГНОСТИКИ - Cервис tftpd-hpa запущен
2022-11-07 08:36:04 - INFO - СТЕНД_ДИАГНОСТИКИ - Cервис vsftpd запущен
2022-11-07 09:27:19 - INFO - СТЕНД_ДИАГНОСТИКИ - Получении ip хоста...
2022-11-07 09:27:19 - INFO - СТЕНД_ДИАГНОСТИКИ - Ip хоста успешно получен...
2022-11-07 09:27:19 - INFO - СТЕНД_ДИАГНОСТИКИ - Проверка подключения к БД...
2022-11-07 09:27:19 - INFO - СТЕНД_ДИАГНОСТИКИ - Подключение к БД успешно!
2022-11-07 09:27:19 - INFO - СТЕНД_ДИАГНОСТИКИ - Включение tcp-to-serial мостов...
2022-11-07 09:27:20 - INFO - СТЕНД_ДИАГНОСТИКИ - Cервис tcp-to-serial-bridge-router1 запущен
2022-11-07 09:27:21 - INFO - СТЕНД_ДИАГНОСТИКИ - Cервис tftpd-hpa запущен
2022-11-07 09:27:22 - INFO - СТЕНД_ДИАГНОСТИКИ - Cервис vsftpd запущен
2022-11-07 09:39:05 - INFO - СТЕНД_ДИАГНОСТИКИ - Получении ip хоста...
2022-11-07 09:39:05 - INFO - СТЕНД_ДИАГНОСТИКИ - Ip хоста успешно получен...
2022-11-07 09:39:05 - INFO - СТЕНД_ДИАГНОСТИКИ - Проверка подключения к БД...
2022-11-07 09:39:05 - INFO - СТЕНД_ДИАГНОСТИКИ - Подключение к БД успешно!
2022-11-07 09:39:05 - INFO - СТЕНД_ДИАГНОСТИКИ - Включение tcp-to-serial мостов...
2022-11-07 09:39:05 - INFO - СТЕНД_ДИАГНОСТИКИ - Cервис tcp-to-serial-bridge-router1 запущен
2022-11-07 09:39:06 - INFO - СТЕНД_ДИАГНОСТИКИ - Cервис tftpd-hpa запущен
2022-11-07 09:39:07 - INFO - СТЕНД_ДИАГНОСТИКИ - Cервис vsftpd запущен
2022-11-07 09:58:12 - INFO - СТЕНД_ДИАГНОСТИКИ - Получении ip хоста...
2022-11-07 09:58:12 - INFO - СТЕНД_ДИАГНОСТИКИ - Ip хоста успешно получен...
2022-11-07 11:19:55 - INFO - СТЕНД_ДИАГНОСТИКИ - Получении ip хоста...
2022-11-07 11:19:55 - INFO - СТЕНД_ДИАГНОСТИКИ - Ip хоста успешно получен...
2022-11-07 11:20:58 - INFO - СТЕНД_ДИАГНОСТИКИ - Получении ip хоста...
2022-11-07 11:20:58 - INFO - СТЕНД_ДИАГНОСТИКИ - Ip хоста успешно получен...
2022-11-07 11:23:03 - INFO - СТЕНД_ДИАГНОСТИКИ - Получении ip хоста...
2022-11-07 11:23:03 - INFO - СТЕНД_ДИАГНОСТИКИ - Ip хоста успешно получен...
2022-11-07 11:23:03 - INFO - СТЕНД_ДИАГНОСТИКИ - Проверка подключения к БД...
2022-11-07 11:23:03 - INFO - СТЕНД_ДИАГНОСТИКИ - Подключение к БД успешно!
2022-11-07 11:23:03 - INFO - СТЕНД_ДИАГНОСТИКИ - Включение tcp-to-serial мостов...
2022-11-07 11:23:04 - INFO - СТЕНД_ДИАГНОСТИКИ - Cервис tcp-to-serial-bridge-router1 запущен
2022-11-07 11:23:04 - INFO - СТЕНД_ДИАГНОСТИКИ - Cервис tftpd-hpa запущен
2022-11-07 11:23:05 - INFO - СТЕНД_ДИАГНОСТИКИ - Cервис vsftpd запущен
2022-11-07 12:02:12 - INFO - СТЕНД_ДИАГНОСТИКИ - Получении ip хоста...
2022-11-07 12:02:12 - INFO - СТЕНД_ДИАГНОСТИКИ - Ip хоста успешно получен...
2022-11-07 12:02:12 - INFO - СТЕНД_ДИАГНОСТИКИ - Проверка подключения к БД...
2022-11-07 12:02:12 - INFO - СТЕНД_ДИАГНОСТИКИ - Подключение к БД успешно!
2022-11-07 12:02:12 - INFO - СТЕНД_ДИАГНОСТИКИ - Включение tcp-to-serial мостов...
2022-11-07 12:02:12 - INFO - СТЕНД_ДИАГНОСТИКИ - Cервис tcp-to-serial-bridge-router1 запущен
2022-11-07 12:02:13 - INFO - СТЕНД_ДИАГНОСТИКИ - Cервис tftpd-hpa запущен
2022-11-07 12:02:14 - INFO - СТЕНД_ДИАГНОСТИКИ - Cервис vsftpd запущен
2022-11-07 12:22:21 - INFO - СТЕНД_ДИАГНОСТИКИ - Получении ip хоста...
2022-11-07 12:22:21 - INFO - СТЕНД_ДИАГНОСТИКИ - Ip хоста успешно получен...
2022-11-07 12:22:21 - INFO - СТЕНД_ДИАГНОСТИКИ - Проверка подключения к БД...
2022-11-07 12:22:21 - INFO - СТЕНД_ДИАГНОСТИКИ - Подключение к БД успешно!
2022-11-07 12:22:21 - INFO - СТЕНД_ДИАГНОСТИКИ - Включение tcp-to-serial мостов...
2022-11-07 12:22:22 - INFO - СТЕНД_ДИАГНОСТИКИ - Cервис tcp-to-serial-bridge-router1 запущен
2022-11-07 12:22:23 - INFO - СТЕНД_ДИАГНОСТИКИ - Cервис tftpd-hpa запущен
2022-11-07 12:22:23 - INFO - СТЕНД_ДИАГНОСТИКИ - Cервис vsftpd запущен
2022-11-07 12:39:24 - INFO - СТЕНД_ДИАГНОСТИКИ - Получении ip хоста...
2022-11-07 12:39:24 - INFO - СТЕНД_ДИАГНОСТИКИ - Ip хоста успешно получен...
2022-11-07 12:39:24 - INFO - СТЕНД_ДИАГНОСТИКИ - Проверка подключения к БД...
2022-11-07 12:39:24 - INFO - СТЕНД_ДИАГНОСТИКИ - Подключение к БД успешно!
2022-11-07 12:39:24 - INFO - СТЕНД_ДИАГНОСТИКИ - Включение tcp-to-serial мостов...
2022-11-07 12:39:24 - INFO - СТЕНД_ДИАГНОСТИКИ - Cервис tcp-to-serial-bridge-router1 запущен
2022-11-07 12:39:25 - INFO - СТЕНД_ДИАГНОСТИКИ - Cервис tftpd-hpa запущен
2022-11-07 12:39:26 - INFO - СТЕНД_ДИАГНОСТИКИ - Cервис vsftpd запущен
2022-11-07 13:12:54 - INFO - СТЕНД_ДИАГНОСТИКИ - Получении ip хоста...
2022-11-07 13:12:54 - INFO - СТЕНД_ДИАГНОСТИКИ - Ip хоста успешно получен...
2022-11-07 13:12:54 - INFO - СТЕНД_ДИАГНОСТИКИ - Проверка подключения к БД...
2022-11-07 13:12:54 - INFO - СТЕНД_ДИАГНОСТИКИ - Подключение к БД успешно!
2022-11-07 13:12:54 - INFO - СТЕНД_ДИАГНОСТИКИ - Включение tcp-to-serial мостов...
2022-11-07 13:12:55 - INFO - СТЕНД_ДИАГНОСТИКИ - Cервис tcp-to-serial-bridge-router1 запущен
2022-11-07 13:12:55 - INFO - СТЕНД_ДИАГНОСТИКИ - Cервис tftpd-hpa запущен
2022-11-07 13:12:56 - INFO - СТЕНД_ДИАГНОСТИКИ - Cервис vsftpd запущен
2022-11-07 13:41:47 - INFO - СТЕНД_ДИАГНОСТИКИ - Получении ip хоста...
2022-11-07 13:41:47 - INFO - СТЕНД_ДИАГНОСТИКИ - Ip хоста успешно получен...
2022-11-07 13:41:47 - INFO - СТЕНД_ДИАГНОСТИКИ - Проверка подключения к БД...
2022-11-07 13:41:47 - INFO - СТЕНД_ДИАГНОСТИКИ - Подключение к БД успешно!
2022-11-07 13:41:47 - INFO - СТЕНД_ДИАГНОСТИКИ - Включение tcp-to-serial мостов...
2022-11-07 13:41:48 - INFO - СТЕНД_ДИАГНОСТИКИ - Cервис tcp-to-serial-bridge-router1 запущен
2022-11-07 13:41:48 - INFO - СТЕНД_ДИАГНОСТИКИ - Cервис tftpd-hpa запущен
2022-11-07 13:41:49 - INFO - СТЕНД_ДИАГНОСТИКИ - Cервис vsftpd запущен
2022-11-07 14:10:52 - INFO - СТЕНД_ДИАГНОСТИКИ - Получении ip хоста...
2022-11-07 14:10:52 - INFO - СТЕНД_ДИАГНОСТИКИ - Ip хоста успешно получен...
2022-11-07 14:10:52 - INFO - СТЕНД_ДИАГНОСТИКИ - Проверка подключения к БД...
2022-11-07 14:10:52 - INFO - СТЕНД_ДИАГНОСТИКИ - Подключение к БД успешно!
2022-11-07 14:10:52 - INFO - СТЕНД_ДИАГНОСТИКИ - Включение tcp-to-serial мостов...
2022-11-07 14:10:52 - INFO - СТЕНД_ДИАГНОСТИКИ - Cервис tcp-to-serial-bridge-router1 запущен
2022-11-07 14:10:53 - INFO - СТЕНД_ДИАГНОСТИКИ - Cервис tftpd-hpa запущен
2022-11-07 14:10:54 - INFO - СТЕНД_ДИАГНОСТИКИ - Cервис vsftpd запущен
2022-11-07 14:35:13 - INFO - СТЕНД_ДИАГНОСТИКИ - Получении ip хоста...
2022-11-07 14:35:13 - INFO - СТЕНД_ДИАГНОСТИКИ - Ip хоста успешно получен...
2022-11-07 14:35:13 - INFO - СТЕНД_ДИАГНОСТИКИ - Проверка подключения к БД...
2022-11-07 14:35:13 - INFO - СТЕНД_ДИАГНОСТИКИ - Подключение к БД успешно!
2022-11-07 14:35:13 - INFO - СТЕНД_ДИАГНОСТИКИ - Включение tcp-to-serial мостов...
2022-11-07 14:35:14 - INFO - СТЕНД_ДИАГНОСТИКИ - Cервис tcp-to-serial-bridge-router1 запущен
2022-11-07 14:35:14 - INFO - СТЕНД_ДИАГНОСТИКИ - Cервис tftpd-hpa запущен
2022-11-07 14:35:15 - INFO - СТЕНД_ДИАГНОСТИКИ - Cервис vsftpd запущен
2022-11-07 14:58:10 - INFO - СТЕНД_ДИАГНОСТИКИ - Получении ip хоста...
2022-11-07 14:58:10 - INFO - СТЕНД_ДИАГНОСТИКИ - Ip хоста успешно получен...
2022-11-07 14:58:10 - INFO - СТЕНД_ДИАГНОСТИКИ - Проверка подключения к БД...
2022-11-07 14:58:10 - INFO - СТЕНД_ДИАГНОСТИКИ - Подключение к БД успешно!
2022-11-07 14:58:10 - INFO - СТЕНД_ДИАГНОСТИКИ - Включение tcp-to-serial мостов...
2022-11-07 14:58:11 - INFO - СТЕНД_ДИАГНОСТИКИ - Cервис tcp-to-serial-bridge-router1 запущен
2022-11-07 14:58:11 - INFO - СТЕНД_ДИАГНОСТИКИ - Cервис tftpd-hpa запущен
2022-11-07 14:58:12 - INFO - СТЕНД_ДИАГНОСТИКИ - Cервис vsftpd запущен
2022-11-10 08:06:55 - INFO - СТЕНД_ДИАГНОСТИКИ - Получении ip хоста...
2022-11-10 08:06:55 - INFO - СТЕНД_ДИАГНОСТИКИ - Ip хоста успешно получен...
2022-11-10 08:06:55 - INFO - СТЕНД_ДИАГНОСТИКИ - Проверка подключения к БД...
2022-11-10 08:06:55 - INFO - СТЕНД_ДИАГНОСТИКИ - Подключение к БД успешно!
2022-11-10 08:06:55 - INFO - СТЕНД_ДИАГНОСТИКИ - Включение tcp-to-serial мостов...
2022-11-10 08:06:56 - INFO - СТЕНД_ДИАГНОСТИКИ - Cервис tcp-to-serial-bridge-router1 запущен
2022-11-10 08:06:56 - INFO - СТЕНД_ДИАГНОСТИКИ - Cервис tftpd-hpa запущен
2022-11-10 08:06:57 - INFO - СТЕНД_ДИАГНОСТИКИ - Cервис vsftpd запущен
2022-11-10 08:43:54 - INFO - СТЕНД_ДИАГНОСТИКИ - Получении ip хоста...
2022-11-10 08:43:54 - INFO - СТЕНД_ДИАГНОСТИКИ - Ip хоста успешно получен...
2022-11-10 08:43:54 - INFO - СТЕНД_ДИАГНОСТИКИ - Проверка подключения к БД...
2022-11-10 08:43:54 - INFO - СТЕНД_ДИАГНОСТИКИ - Подключение к БД успешно!
2022-11-10 08:43:54 - INFO - СТЕНД_ДИАГНОСТИКИ - Включение tcp-to-serial мостов...
2022-11-10 08:43:55 - INFO - СТЕНД_ДИАГНОСТИКИ - Cервис tcp-to-serial-bridge-router1 запущен
2022-11-10 08:43:56 - INFO - СТЕНД_ДИАГНОСТИКИ - Cервис tftpd-hpa запущен
2022-11-10 08:43:56 - INFO - СТЕНД_ДИАГНОСТИКИ - Cервис vsftpd запущен
2022-11-10 09:35:45 - INFO - СТЕНД_ДИАГНОСТИКИ - Получении ip хоста...
2022-11-10 09:35:45 - INFO - СТЕНД_ДИАГНОСТИКИ - Ip хоста успешно получен...
2022-11-10 09:35:45 - INFO - СТЕНД_ДИАГНОСТИКИ - Проверка подключения к БД...
2022-11-10 09:35:45 - INFO - СТЕНД_ДИАГНОСТИКИ - Подключение к БД успешно!
2022-11-10 09:35:45 - INFO - СТЕНД_ДИАГНОСТИКИ - Включение tcp-to-serial мостов...
2022-11-10 09:35:46 - INFO - СТЕНД_ДИАГНОСТИКИ - Cервис tcp-to-serial-bridge-router1 запущен
2022-11-10 09:35:47 - INFO - СТЕНД_ДИАГНОСТИКИ - Cервис tftpd-hpa запущен
2022-11-10 09:35:47 - INFO - СТЕНД_ДИАГНОСТИКИ - Cервис vsftpd запущен
2022-11-10 09:37:54 - INFO - СТЕНД_ДИАГНОСТИКИ - Получении ip хоста...
2022-11-10 09:37:54 - INFO - СТЕНД_ДИАГНОСТИКИ - Ip хоста успешно получен...
2022-11-10 09:37:54 - INFO - СТЕНД_ДИАГНОСТИКИ - Проверка подключения к БД...
2022-11-10 09:37:54 - INFO - СТЕНД_ДИАГНОСТИКИ - Подключение к БД успешно!
2022-11-10 09:37:54 - INFO - СТЕНД_ДИАГНОСТИКИ - Включение tcp-to-serial мостов...
2022-11-10 09:37:54 - INFO - СТЕНД_ДИАГНОСТИКИ - Cервис tcp-to-serial-bridge-router1 запущен
2022-11-10 09:37:55 - INFO - СТЕНД_ДИАГНОСТИКИ - Cервис tftpd-hpa запущен
2022-11-10 09:37:56 - INFO - СТЕНД_ДИАГНОСТИКИ - Cервис vsftpd запущен
2022-11-10 10:00:21 - INFO - СТЕНД_ДИАГНОСТИКИ - Получении ip хоста...
2022-11-10 10:00:21 - INFO - СТЕНД_ДИАГНОСТИКИ - Ip хоста успешно получен...
2022-11-10 10:00:21 - INFO - СТЕНД_ДИАГНОСТИКИ - Проверка подключения к БД...
2022-11-10 10:00:21 - INFO - СТЕНД_ДИАГНОСТИКИ - Подключение к БД успешно!
2022-11-10 10:00:21 - INFO - СТЕНД_ДИАГНОСТИКИ - Включение tcp-to-serial мостов...
2022-11-10 10:00:22 - INFO - СТЕНД_ДИАГНОСТИКИ - Cервис tcp-to-serial-bridge-router1 запущен
2022-11-10 10:00:23 - INFO - СТЕНД_ДИАГНОСТИКИ - Cервис tftpd-hpa запущен
2022-11-10 10:00:24 - INFO - СТЕНД_ДИАГНОСТИКИ - Cервис vsftpd запущен
2022-11-10 11:06:10 - INFO - СТЕНД_ДИАГНОСТИКИ - Получении ip хоста...
2022-11-10 11:06:10 - INFO - СТЕНД_ДИАГНОСТИКИ - Ip хоста успешно получен...
2022-11-10 11:08:18 - INFO - СТЕНД_ДИАГНОСТИКИ - Получении ip хоста...
2022-11-10 11:08:18 - INFO - СТЕНД_ДИАГНОСТИКИ - Ip хоста успешно получен...
2022-11-10 11:10:33 - INFO - СТЕНД_ДИАГНОСТИКИ - Получении ip хоста...
2022-11-10 11:10:33 - INFO - СТЕНД_ДИАГНОСТИКИ - Ip хоста успешно получен...
2022-11-10 11:15:03 - INFO - СТЕНД_ДИАГНОСТИКИ - Получении ip хоста...
2022-11-10 11:15:03 - INFO - СТЕНД_ДИАГНОСТИКИ - Ip хоста успешно получен...
2022-11-10 11:16:31 - INFO - СТЕНД_ДИАГНОСТИКИ - Получении ip хоста...
2022-11-10 11:16:31 - INFO - СТЕНД_ДИАГНОСТИКИ - Ip хоста успешно получен...
2022-11-10 11:18:27 - INFO - СТЕНД_ДИАГНОСТИКИ - Получении ip хоста...
2022-11-10 11:18:27 - INFO - СТЕНД_ДИАГНОСТИКИ - Ip хоста успешно получен...
2022-11-10 11:19:16 - INFO - СТЕНД_ДИАГНОСТИКИ - Получении ip хоста...
2022-11-10 11:19:16 - INFO - СТЕНД_ДИАГНОСТИКИ - Ip хоста успешно получен...
2022-11-10 11:20:34 - INFO - СТЕНД_ДИАГНОСТИКИ - Получении ip хоста...
2022-11-10 11:20:34 - INFO - СТЕНД_ДИАГНОСТИКИ - Ip хоста успешно получен...
2022-11-10 11:21:32 - INFO - СТЕНД_ДИАГНОСТИКИ - Получении ip хоста...
2022-11-10 11:21:32 - INFO - СТЕНД_ДИАГНОСТИКИ - Ip хоста успешно получен...
2022-11-10 11:23:36 - INFO - СТЕНД_ДИАГНОСТИКИ - Получении ip хоста...
2022-11-10 11:23:36 - INFO - СТЕНД_ДИАГНОСТИКИ - Ip хоста успешно получен...
2022-11-10 11:24:23 - INFO - СТЕНД_ДИАГНОСТИКИ - Получении ip хоста...
2022-11-10 11:24:23 - INFO - СТЕНД_ДИАГНОСТИКИ - Ip хоста успешно получен...
2022-11-10 11:24:56 - INFO - СТЕНД_ДИАГНОСТИКИ - Получении ip хоста...
2022-11-10 11:24:56 - INFO - СТЕНД_ДИАГНОСТИКИ - Ip хоста успешно получен...
2022-11-10 11:25:46 - INFO - СТЕНД_ДИАГНОСТИКИ - Получении ip хоста...
2022-11-10 11:25:46 - INFO - СТЕНД_ДИАГНОСТИКИ - Ip хоста успешно получен...
2022-11-10 11:27:25 - INFO - СТЕНД_ДИАГНОСТИКИ - Получении ip хоста...
2022-11-10 11:27:25 - INFO - СТЕНД_ДИАГНОСТИКИ - Ip хоста успешно получен...
2022-11-10 11:28:58 - INFO - СТЕНД_ДИАГНОСТИКИ - Получении ip хоста...
2022-11-10 11:28:58 - INFO - СТЕНД_ДИАГНОСТИКИ - Ip хоста успешно получен...
2022-11-10 11:31:36 - INFO - СТЕНД_ДИАГНОСТИКИ - Получении ip хоста...
2022-11-10 11:31:36 - INFO - СТЕНД_ДИАГНОСТИКИ - Ip хоста успешно получен...
2022-11-10 11:37:23 - INFO - СТЕНД_ДИАГНОСТИКИ - Получении ip хоста...
2022-11-10 11:37:23 - INFO - СТЕНД_ДИАГНОСТИКИ - Ip хоста успешно получен...
2022-11-10 11:37:59 - INFO - СТЕНД_ДИАГНОСТИКИ - Получении ip хоста...
2022-11-10 11:37:59 - INFO - СТЕНД_ДИАГНОСТИКИ - Ip хоста успешно получен...
2022-11-10 11:37:59 - INFO - СТЕНД_ДИАГНОСТИКИ - Проверка подключения к БД...
2022-11-10 11:37:59 - INFO - СТЕНД_ДИАГНОСТИКИ - Подключение к БД успешно!
2022-11-10 11:37:59 - INFO - СТЕНД_ДИАГНОСТИКИ - Включение tcp-to-serial мостов...
2022-11-10 11:38:00 - INFO - СТЕНД_ДИАГНОСТИКИ - Cервис tcp-to-serial-bridge-router1 запущен
2022-11-10 11:38:01 - INFO - СТЕНД_ДИАГНОСТИКИ - Cервис tftpd-hpa запущен
2022-11-10 11:38:02 - INFO - СТЕНД_ДИАГНОСТИКИ - Cервис vsftpd запущен
2022-11-10 11:49:33 - INFO - СТЕНД_ДИАГНОСТИКИ - Получении ip хоста...
2022-11-10 11:49:33 - INFO - СТЕНД_ДИАГНОСТИКИ - Ip хоста успешно получен...
2022-11-10 11:49:33 - INFO - СТЕНД_ДИАГНОСТИКИ - Проверка подключения к БД...
2022-11-10 11:49:33 - INFO - СТЕНД_ДИАГНОСТИКИ - Подключение к БД успешно!
2022-11-10 11:49:33 - INFO - СТЕНД_ДИАГНОСТИКИ - Включение tcp-to-serial мостов...
2022-11-10 11:49:34 - INFO - СТЕНД_ДИАГНОСТИКИ - Cервис tcp-to-serial-bridge-router1 запущен
2022-11-10 11:49:35 - INFO - СТЕНД_ДИАГНОСТИКИ - Cервис tftpd-hpa запущен
2022-11-10 11:49:35 - INFO - СТЕНД_ДИАГНОСТИКИ - Cервис vsftpd запущен
2022-11-10 12:18:41 - INFO - СТЕНД_ДИАГНОСТИКИ - Получении ip хоста...
2022-11-10 12:18:41 - INFO - СТЕНД_ДИАГНОСТИКИ - Ip хоста успешно получен...
2022-11-10 12:18:41 - INFO - СТЕНД_ДИАГНОСТИКИ - Проверка подключения к БД...
2022-11-10 12:18:41 - INFO - СТЕНД_ДИАГНОСТИКИ - Подключение к БД успешно!
2022-11-10 12:18:41 - INFO - СТЕНД_ДИАГНОСТИКИ - Включение tcp-to-serial мостов...
2022-11-10 12:18:42 - INFO - СТЕНД_ДИАГНОСТИКИ - Cервис tcp-to-serial-bridge-router1 запущен
2022-11-10 12:18:43 - INFO - СТЕНД_ДИАГНОСТИКИ - Cервис tftpd-hpa запущен
2022-11-10 12:18:44 - INFO - СТЕНД_ДИАГНОСТИКИ - Cервис vsftpd запущен
2022-11-10 12:48:02 - INFO - СТЕНД_ДИАГНОСТИКИ - Получении ip хоста...
2022-11-10 12:48:02 - INFO - СТЕНД_ДИАГНОСТИКИ - Ip хоста успешно получен...
2022-11-10 12:48:02 - INFO - СТЕНД_ДИАГНОСТИКИ - Проверка подключения к БД...
2022-11-10 12:48:02 - INFO - СТЕНД_ДИАГНОСТИКИ - Подключение к БД успешно!
2022-11-10 12:48:02 - INFO - СТЕНД_ДИАГНОСТИКИ - Включение tcp-to-serial мостов...
2022-11-10 12:48:02 - INFO - СТЕНД_ДИАГНОСТИКИ - Cервис tcp-to-serial-bridge-router1 запущен
2022-11-10 12:48:03 - INFO - СТЕНД_ДИАГНОСТИКИ - Cервис tftpd-hpa запущен
2022-11-10 12:48:04 - INFO - СТЕНД_ДИАГНОСТИКИ - Cервис vsftpd запущен
2022-11-10 13:21:26 - INFO - СТЕНД_ДИАГНОСТИКИ - Получении ip хоста...
2022-11-10 13:21:26 - INFO - СТЕНД_ДИАГНОСТИКИ - Ip хоста успешно получен...
2022-11-10 13:21:26 - INFO - СТЕНД_ДИАГНОСТИКИ - Проверка подключения к БД...
2022-11-10 13:21:26 - INFO - СТЕНД_ДИАГНОСТИКИ - Подключение к БД успешно!
2022-11-10 13:21:26 - INFO - СТЕНД_ДИАГНОСТИКИ - Включение tcp-to-serial мостов...
2022-11-10 13:21:27 - INFO - СТЕНД_ДИАГНОСТИКИ - Cервис tcp-to-serial-bridge-router1 запущен
2022-11-10 13:21:28 - INFO - СТЕНД_ДИАГНОСТИКИ - Cервис tftpd-hpa запущен
2022-11-10 13:21:29 - INFO - СТЕНД_ДИАГНОСТИКИ - Cервис vsftpd запущен
2022-11-10 13:44:57 - INFO - СТЕНД_ДИАГНОСТИКИ - Получении ip хоста...
2022-11-10 13:44:57 - INFO - СТЕНД_ДИАГНОСТИКИ - Ip хоста успешно получен...
2022-11-10 13:44:57 - INFO - СТЕНД_ДИАГНОСТИКИ - Проверка подключения к БД...
2022-11-10 13:44:57 - INFO - СТЕНД_ДИАГНОСТИКИ - Подключение к БД успешно!
2022-11-10 13:44:57 - INFO - СТЕНД_ДИАГНОСТИКИ - Включение tcp-to-serial мостов...
2022-11-10 13:44:58 - INFO - СТЕНД_ДИАГНОСТИКИ - Cервис tcp-to-serial-bridge-router1 запущен
2022-11-10 13:44:59 - INFO - СТЕНД_ДИАГНОСТИКИ - Cервис tftpd-hpa запущен
2022-11-10 13:45:00 - INFO - СТЕНД_ДИАГНОСТИКИ - Cервис vsftpd запущен
2022-11-10 14:10:23 - INFO - СТЕНД_ДИАГНОСТИКИ - Получении ip хоста...
2022-11-10 14:10:23 - INFO - СТЕНД_ДИАГНОСТИКИ - Ip хоста успешно получен...
2022-11-10 14:10:23 - INFO - СТЕНД_ДИАГНОСТИКИ - Проверка подключения к БД...
2022-11-10 14:10:23 - INFO - СТЕНД_ДИАГНОСТИКИ - Подключение к БД успешно!
2022-11-10 14:10:23 - INFO - СТЕНД_ДИАГНОСТИКИ - Включение tcp-to-serial мостов...
2022-11-10 14:10:24 - INFO - СТЕНД_ДИАГНОСТИКИ - Cервис tcp-to-serial-bridge-router1 запущен
2022-11-10 14:10:25 - INFO - СТЕНД_ДИАГНОСТИКИ - Cервис tftpd-hpa запущен
2022-11-10 14:10:25 - INFO - СТЕНД_ДИАГНОСТИКИ - Cервис vsftpd запущен
2022-11-11 06:35:58 - INFO - СТЕНД_ПСИ - Получении ip хоста...
2022-11-11 06:35:58 - INFO - СТЕНД_ПСИ - Ip хоста успешно получен...
2022-11-11 06:35:58 - INFO - СТЕНД_ПСИ - Проверка подключения к БД...
2022-11-11 06:35:58 - INFO - СТЕНД_ПСИ - Подключение к БД успешно!
2022-11-11 06:35:58 - INFO - СТЕНД_ПСИ - Включение tcp-to-serial мостов...
2022-11-11 06:35:59 - INFO - СТЕНД_ПСИ - Cервис tcp-to-serial-bridge-router1 запущен
2022-11-11 06:36:00 - ERROR - СТЕНД_ПСИ - Сервис tftp не удается запустить,                             выполнение программы невозможно
2022-11-11 06:36:01 - ERROR - СТЕНД_ПСИ - Сервис vsftp не удается запустить,                             выполнение программы невозможно
2022-11-11 06:37:47 - INFO - СТЕНД_ПСИ - Получении ip хоста...
2022-11-11 06:37:47 - INFO - СТЕНД_ПСИ - Ip хоста успешно получен...
2022-11-11 06:37:47 - INFO - СТЕНД_ПСИ - Проверка подключения к БД...
2022-11-11 06:37:47 - INFO - СТЕНД_ПСИ - Подключение к БД успешно!
2022-11-11 06:37:47 - INFO - СТЕНД_ПСИ - Включение tcp-to-serial мостов...
2022-11-11 06:37:47 - INFO - СТЕНД_ПСИ - Cервис tcp-to-serial-bridge-router1 запущен
2022-11-11 06:37:48 - INFO - СТЕНД_ПСИ - Cервис tftpd-hpa запущен
2022-11-11 06:37:49 - INFO - СТЕНД_ПСИ - Cервис vsftpd запущен
2022-11-11 06:41:34 - INFO - СТЕНД_ПСИ - Получении ip хоста...
2022-11-11 06:41:34 - INFO - СТЕНД_ПСИ - Ip хоста успешно получен...
2022-11-11 06:41:34 - INFO - СТЕНД_ПСИ - Проверка подключения к БД...
2022-11-11 06:41:34 - INFO - СТЕНД_ПСИ - Подключение к БД успешно!
2022-11-11 06:41:34 - INFO - СТЕНД_ПСИ - Включение tcp-to-serial мостов...
2022-11-11 06:41:34 - INFO - СТЕНД_ПСИ - Cервис tcp-to-serial-bridge-router1 запущен
2022-11-11 06:41:35 - INFO - СТЕНД_ПСИ - Cервис tftpd-hpa запущен
2022-11-11 06:41:36 - INFO - СТЕНД_ПСИ - Cервис vsftpd запущен
2022-11-11 06:43:32 - INFO - СТЕНД_ПСИ - Получении ip хоста...
2022-11-11 06:43:32 - INFO - СТЕНД_ПСИ - Ip хоста успешно получен...
2022-11-11 06:43:32 - INFO - СТЕНД_ПСИ - Проверка подключения к БД...
2022-11-11 06:43:32 - INFO - СТЕНД_ПСИ - Подключение к БД успешно!
2022-11-11 06:43:32 - INFO - СТЕНД_ПСИ - Включение tcp-to-serial мостов...
2022-11-11 06:43:33 - INFO - СТЕНД_ПСИ - Cервис tcp-to-serial-bridge-router1 запущен
2022-11-11 06:43:34 - INFO - СТЕНД_ПСИ - Cервис tftpd-hpa запущен
2022-11-11 06:43:35 - INFO - СТЕНД_ПСИ - Cервис vsftpd запущен
2022-11-11 06:44:19 - INFO - СТЕНД_ПСИ - Получении ip хоста...
2022-11-11 06:44:19 - INFO - СТЕНД_ПСИ - Ip хоста успешно получен...
2022-11-11 06:44:19 - INFO - СТЕНД_ПСИ - Проверка подключения к БД...
2022-11-11 06:44:19 - INFO - СТЕНД_ПСИ - Подключение к БД успешно!
2022-11-11 06:44:19 - INFO - СТЕНД_ПСИ - Включение tcp-to-serial мостов...
2022-11-11 06:44:20 - INFO - СТЕНД_ПСИ - Cервис tcp-to-serial-bridge-router1 запущен
2022-11-11 06:44:21 - INFO - СТЕНД_ПСИ - Cервис tftpd-hpa запущен
2022-11-11 06:44:21 - INFO - СТЕНД_ПСИ - Cервис vsftpd запущен
2022-11-11 06:47:28 - INFO - СТЕНД_ПСИ - Получении ip хоста...
2022-11-11 06:47:28 - INFO - СТЕНД_ПСИ - Ip хоста успешно получен...
2022-11-11 06:47:28 - INFO - СТЕНД_ПСИ - Проверка подключения к БД...
2022-11-11 06:47:28 - INFO - СТЕНД_ПСИ - Подключение к БД успешно!
2022-11-11 06:47:28 - INFO - СТЕНД_ПСИ - Включение tcp-to-serial мостов...
2022-11-11 06:47:29 - INFO - СТЕНД_ПСИ - Cервис tcp-to-serial-bridge-router1 запущен
2022-11-11 06:47:30 - INFO - СТЕНД_ПСИ - Cервис tftpd-hpa запущен
2022-11-11 06:47:31 - INFO - СТЕНД_ПСИ - Cервис vsftpd запущен
2022-11-11 06:58:23 - INFO - СТЕНД_ПСИ - Получении ip хоста...
2022-11-11 06:58:23 - INFO - СТЕНД_ПСИ - Ip хоста успешно получен...
2022-11-11 06:58:23 - INFO - СТЕНД_ПСИ - Проверка подключения к БД...
2022-11-11 06:58:23 - INFO - СТЕНД_ПСИ - Подключение к БД успешно!
2022-11-11 06:58:23 - INFO - СТЕНД_ПСИ - Включение tcp-to-serial мостов...
2022-11-11 06:58:24 - INFO - СТЕНД_ПСИ - Cервис tcp-to-serial-bridge-router1 запущен
2022-11-11 06:58:25 - INFO - СТЕНД_ПСИ - Cервис tftpd-hpa запущен
2022-11-11 06:58:25 - INFO - СТЕНД_ПСИ - Cервис vsftpd запущен
2022-11-11 07:00:23 - INFO - СТЕНД_ПСИ - Получении ip хоста...
2022-11-11 07:00:23 - INFO - СТЕНД_ПСИ - Ip хоста успешно получен...
2022-11-11 07:00:23 - INFO - СТЕНД_ПСИ - Проверка подключения к БД...
2022-11-11 07:00:23 - INFO - СТЕНД_ПСИ - Подключение к БД успешно!
2022-11-11 07:00:23 - INFO - СТЕНД_ПСИ - Включение tcp-to-serial мостов...
2022-11-11 07:00:24 - INFO - СТЕНД_ПСИ - Cервис tcp-to-serial-bridge-router1 запущен
2022-11-11 07:00:25 - INFO - СТЕНД_ПСИ - Cервис tftpd-hpa запущен
2022-11-11 07:00:25 - INFO - СТЕНД_ПСИ - Cервис vsftpd запущен
2022-11-11 07:05:44 - INFO - СТЕНД_ПСИ - Получении ip хоста...
2022-11-11 07:05:44 - INFO - СТЕНД_ПСИ - Ip хоста успешно получен...
2022-11-11 07:05:44 - INFO - СТЕНД_ПСИ - Проверка подключения к БД...
2022-11-11 07:05:44 - INFO - СТЕНД_ПСИ - Подключение к БД успешно!
2022-11-11 07:05:44 - INFO - СТЕНД_ПСИ - Включение tcp-to-serial мостов...
2022-11-11 07:05:45 - INFO - СТЕНД_ПСИ - Cервис tcp-to-serial-bridge-router1 запущен
2022-11-11 07:05:46 - INFO - СТЕНД_ПСИ - Cервис tftpd-hpa запущен
2022-11-11 07:05:46 - INFO - СТЕНД_ПСИ - Cервис vsftpd запущен
2022-11-11 07:18:08 - INFO - СТЕНД_ПСИ - Получении ip хоста...
2022-11-11 07:18:08 - INFO - СТЕНД_ПСИ - Ip хоста успешно получен...
2022-11-11 07:18:08 - INFO - СТЕНД_ПСИ - Проверка подключения к БД...
2022-11-11 07:18:08 - INFO - СТЕНД_ПСИ - Подключение к БД успешно!
2022-11-11 07:18:08 - INFO - СТЕНД_ПСИ - Включение tcp-to-serial мостов...
2022-11-11 07:18:09 - INFO - СТЕНД_ПСИ - Cервис tcp-to-serial-bridge-router1 запущен
2022-11-11 07:18:10 - INFO - СТЕНД_ПСИ - Cервис tftpd-hpa запущен
2022-11-11 07:18:10 - INFO - СТЕНД_ПСИ - Cервис vsftpd запущен
2022-11-11 07:23:24 - INFO - СТЕНД_ПСИ - Получении ip хоста...
2022-11-11 07:23:24 - INFO - СТЕНД_ПСИ - Ip хоста успешно получен...
2022-11-11 07:23:24 - INFO - СТЕНД_ПСИ - Проверка подключения к БД...
2022-11-11 07:23:24 - INFO - СТЕНД_ПСИ - Подключение к БД успешно!
2022-11-11 07:23:24 - INFO - СТЕНД_ПСИ - Включение tcp-to-serial мостов...
2022-11-11 07:23:25 - INFO - СТЕНД_ПСИ - Cервис tcp-to-serial-bridge-router1 запущен
2022-11-11 07:23:26 - INFO - СТЕНД_ПСИ - Cервис tftpd-hpa запущен
2022-11-11 07:23:27 - INFO - СТЕНД_ПСИ - Cервис vsftpd запущен
2022-11-11 07:29:54 - INFO - СТЕНД_ПСИ - Получении ip хоста...
2022-11-11 07:29:54 - INFO - СТЕНД_ПСИ - Ip хоста успешно получен...
2022-11-11 07:29:54 - INFO - СТЕНД_ПСИ - Проверка подключения к БД...
2022-11-11 07:29:54 - INFO - СТЕНД_ПСИ - Подключение к БД успешно!
2022-11-11 07:29:54 - INFO - СТЕНД_ПСИ - Включение tcp-to-serial мостов...
2022-11-11 07:29:55 - INFO - СТЕНД_ПСИ - Cервис tcp-to-serial-bridge-router1 запущен
2022-11-11 07:29:55 - INFO - СТЕНД_ПСИ - Cервис tftpd-hpa запущен
2022-11-11 07:29:56 - INFO - СТЕНД_ПСИ - Cервис vsftpd запущен
2022-11-11 07:33:57 - INFO - СТЕНД_ПСИ - Получении ip хоста...
2022-11-11 07:33:57 - INFO - СТЕНД_ПСИ - Ip хоста успешно получен...
2022-11-11 07:33:57 - INFO - СТЕНД_ПСИ - Проверка подключения к БД...
2022-11-11 07:33:57 - INFO - СТЕНД_ПСИ - Подключение к БД успешно!
2022-11-11 07:33:57 - INFO - СТЕНД_ПСИ - Включение tcp-to-serial мостов...
2022-11-11 07:33:57 - INFO - СТЕНД_ПСИ - Cервис tcp-to-serial-bridge-router1 запущен
2022-11-11 07:33:58 - INFO - СТЕНД_ПСИ - Cервис tftpd-hpa запущен
2022-11-11 07:33:59 - INFO - СТЕНД_ПСИ - Cервис vsftpd запущен
2022-11-11 07:56:23 - INFO - СТЕНД_ПСИ - Получении ip хоста...
2022-11-11 07:56:23 - INFO - СТЕНД_ПСИ - Ip хоста успешно получен...
2022-11-11 07:56:23 - INFO - СТЕНД_ПСИ - Проверка подключения к БД...
2022-11-11 07:56:23 - INFO - СТЕНД_ПСИ - Подключение к БД успешно!
2022-11-11 07:56:23 - INFO - СТЕНД_ПСИ - Включение tcp-to-serial мостов...
2022-11-11 07:56:24 - INFO - СТЕНД_ПСИ - Cервис tcp-to-serial-bridge-router1 запущен
2022-11-11 07:56:25 - INFO - СТЕНД_ПСИ - Cервис tftpd-hpa запущен
2022-11-11 07:56:26 - INFO - СТЕНД_ПСИ - Cервис vsftpd запущен
2022-11-11 13:05:10 - INFO - СТЕНД_ПСИ - Получении ip хоста...
2022-11-11 13:05:10 - INFO - СТЕНД_ПСИ - Ip хоста успешно получен...
2022-11-11 13:05:10 - INFO - СТЕНД_ПСИ - Проверка подключения к БД...
2022-11-11 13:05:10 - INFO - СТЕНД_ПСИ - Подключение к БД успешно!
2022-11-11 13:05:10 - INFO - СТЕНД_ПСИ - Включение tcp-to-serial мостов...
2022-11-11 13:05:10 - INFO - СТЕНД_ПСИ - Cервис tcp-to-serial-bridge-router1 запущен
2022-11-11 13:05:11 - INFO - СТЕНД_ПСИ - Cервис tftpd-hpa запущен
2022-11-11 13:05:12 - INFO - СТЕНД_ПСИ - Cервис vsftpd запущен
2022-11-16 13:41:18 - INFO - СТЕНД_ПСИ - Получении ip хоста...
2022-11-16 13:41:18 - INFO - СТЕНД_ПСИ - Ip хоста успешно получен...
2022-11-16 13:41:18 - INFO - СТЕНД_ПСИ - Проверка подключения к БД...
2022-11-16 13:41:18 - INFO - СТЕНД_ПСИ - Подключение к БД успешно!
2022-11-16 13:41:18 - INFO - СТЕНД_ПСИ - Включение tcp-to-serial мостов...
2022-11-16 13:41:18 - INFO - СТЕНД_ПСИ - Cервис tcp-to-serial-bridge-router1 запущен
2022-11-16 13:41:19 - INFO - СТЕНД_ПСИ - Cервис tftpd-hpa запущен
2022-11-16 13:41:20 - INFO - СТЕНД_ПСИ - Cервис vsftpd запущен
2022-11-16 13:44:33 - INFO - СТЕНД_ПСИ - Получении ip хоста...
2022-11-16 13:44:33 - INFO - СТЕНД_ПСИ - Ip хоста успешно получен...
2022-11-16 13:44:33 - INFO - СТЕНД_ПСИ - Проверка подключения к БД...
2022-11-16 13:44:33 - INFO - СТЕНД_ПСИ - Подключение к БД успешно!
2022-11-16 13:44:33 - INFO - СТЕНД_ПСИ - Включение tcp-to-serial мостов...
2022-11-16 13:44:34 - INFO - СТЕНД_ПСИ - Cервис tcp-to-serial-bridge-router1 запущен
2022-11-16 13:44:35 - INFO - СТЕНД_ПСИ - Cервис tftpd-hpa запущен
2022-11-16 13:44:36 - INFO - СТЕНД_ПСИ - Cервис vsftpd запущен
2022-11-16 13:48:48 - INFO - СТЕНД_ПСИ - Получении ip хоста...
2022-11-16 13:48:48 - INFO - СТЕНД_ПСИ - Ip хоста успешно получен...
2022-11-16 13:48:48 - INFO - СТЕНД_ПСИ - Проверка подключения к БД...
2022-11-16 13:48:48 - INFO - СТЕНД_ПСИ - Подключение к БД успешно!
2022-11-16 13:48:48 - INFO - СТЕНД_ПСИ - Включение tcp-to-serial мостов...
2022-11-16 13:48:48 - INFO - СТЕНД_ПСИ - Cервис tcp-to-serial-bridge-router1 запущен
2022-11-16 13:48:49 - INFO - СТЕНД_ПСИ - Cервис tftpd-hpa запущен
2022-11-16 13:48:50 - INFO - СТЕНД_ПСИ - Cервис vsftpd запущен
2022-11-16 13:52:28 - INFO - СТЕНД_ПСИ - Получении ip хоста...
2022-11-16 13:52:28 - INFO - СТЕНД_ПСИ - Ip хоста успешно получен...
2022-11-16 13:52:28 - INFO - СТЕНД_ПСИ - Проверка подключения к БД...
2022-11-16 13:52:28 - INFO - СТЕНД_ПСИ - Подключение к БД успешно!
2022-11-16 13:52:28 - INFO - СТЕНД_ПСИ - Включение tcp-to-serial мостов...
2022-11-16 13:52:29 - INFO - СТЕНД_ПСИ - Cервис tcp-to-serial-bridge-router1 запущен
2022-11-16 13:52:29 - INFO - СТЕНД_ПСИ - Cервис tftpd-hpa запущен
2022-11-16 13:52:30 - INFO - СТЕНД_ПСИ - Cервис vsftpd запущен
2022-11-16 13:58:41 - INFO - СТЕНД_ПСИ - Получении ip хоста...
2022-11-16 13:58:41 - INFO - СТЕНД_ПСИ - Ip хоста успешно получен...
2022-11-16 13:58:41 - INFO - СТЕНД_ПСИ - Проверка подключения к БД...
2022-11-16 13:58:41 - INFO - СТЕНД_ПСИ - Подключение к БД успешно!
2022-11-16 13:58:41 - INFO - СТЕНД_ПСИ - Включение tcp-to-serial мостов...
2022-11-16 13:58:42 - INFO - СТЕНД_ПСИ - Cервис tcp-to-serial-bridge-router1 запущен
2022-11-16 13:58:43 - INFO - СТЕНД_ПСИ - Cервис tftpd-hpa запущен
2022-11-16 13:58:44 - INFO - СТЕНД_ПСИ - Cервис vsftpd запущен
2022-11-16 14:02:49 - INFO - СТЕНД_ПСИ - Получении ip хоста...
2022-11-16 14:02:49 - INFO - СТЕНД_ПСИ - Ip хоста успешно получен...
2022-11-16 14:02:49 - INFO - СТЕНД_ПСИ - Проверка подключения к БД...
2022-11-16 14:02:49 - INFO - СТЕНД_ПСИ - Подключение к БД успешно!
2022-11-16 14:02:49 - INFO - СТЕНД_ПСИ - Включение tcp-to-serial мостов...
2022-11-16 14:02:50 - INFO - СТЕНД_ПСИ - Cервис tcp-to-serial-bridge-router1 запущен
2022-11-16 14:02:50 - INFO - СТЕНД_ПСИ - Cервис tftpd-hpa запущен
2022-11-16 14:02:51 - INFO - СТЕНД_ПСИ - Cервис vsftpd запущен
2022-11-16 14:14:59 - INFO - СТЕНД_ПСИ - Получении ip хоста...
2022-11-16 14:14:59 - INFO - СТЕНД_ПСИ - Ip хоста успешно получен...
2022-11-16 14:14:59 - INFO - СТЕНД_ПСИ - Проверка подключения к БД...
2022-11-16 14:14:59 - INFO - СТЕНД_ПСИ - Подключение к БД успешно!
2022-11-16 14:14:59 - INFO - СТЕНД_ПСИ - Включение tcp-to-serial мостов...
2022-11-16 14:14:59 - INFO - СТЕНД_ПСИ - Cервис tcp-to-serial-bridge-router1 запущен
2022-11-16 14:15:00 - INFO - СТЕНД_ПСИ - Cервис tftpd-hpa запущен
2022-11-16 14:15:01 - INFO - СТЕНД_ПСИ - Cервис vsftpd запущен
2022-11-16 14:17:42 - INFO - СТЕНД_ПСИ - Получении ip хоста...
2022-11-16 14:17:42 - INFO - СТЕНД_ПСИ - Ip хоста успешно получен...
2022-11-16 14:17:42 - INFO - СТЕНД_ПСИ - Проверка подключения к БД...
2022-11-16 14:17:42 - INFO - СТЕНД_ПСИ - Подключение к БД успешно!
2022-11-16 14:17:42 - INFO - СТЕНД_ПСИ - Включение tcp-to-serial мостов...
2022-11-16 14:17:42 - INFO - СТЕНД_ПСИ - Cервис tcp-to-serial-bridge-router1 запущен
2022-11-16 14:17:43 - INFO - СТЕНД_ПСИ - Cервис tftpd-hpa запущен
2022-11-16 14:17:44 - INFO - СТЕНД_ПСИ - Cервис vsftpd запущен
2022-11-16 14:23:42 - INFO - СТЕНД_ПСИ - Получении ip хоста...
2022-11-16 14:23:42 - INFO - СТЕНД_ПСИ - Ip хоста успешно получен...
2022-11-16 14:23:42 - INFO - СТЕНД_ПСИ - Проверка подключения к БД...
2022-11-16 14:23:42 - INFO - СТЕНД_ПСИ - Подключение к БД успешно!
2022-11-16 14:23:42 - INFO - СТЕНД_ПСИ - Включение tcp-to-serial мостов...
2022-11-16 14:23:43 - INFO - СТЕНД_ПСИ - Cервис tcp-to-serial-bridge-router1 запущен
2022-11-16 14:23:44 - INFO - СТЕНД_ПСИ - Cервис tftpd-hpa запущен
2022-11-16 14:23:45 - INFO - СТЕНД_ПСИ - Cервис vsftpd запущен
2022-11-16 14:24:49 - INFO - СТЕНД_ПСИ - Получении ip хоста...
2022-11-16 14:24:49 - INFO - СТЕНД_ПСИ - Ip хоста успешно получен...
2022-11-16 14:24:49 - INFO - СТЕНД_ПСИ - Проверка подключения к БД...
2022-11-16 14:24:49 - INFO - СТЕНД_ПСИ - Подключение к БД успешно!
2022-11-16 14:24:49 - INFO - СТЕНД_ПСИ - Включение tcp-to-serial мостов...
2022-11-16 14:24:49 - INFO - СТЕНД_ПСИ - Cервис tcp-to-serial-bridge-router1 запущен
2022-11-16 14:24:50 - INFO - СТЕНД_ПСИ - Cервис tftpd-hpa запущен
2022-11-16 14:24:51 - INFO - СТЕНД_ПСИ - Cервис vsftpd запущен
