2022-11-01 14:16:53 - INFO - СТЕНД_ДИАГНОСТИКИ - Получении ip хоста...
2022-11-01 14:16:53 - INFO - СТЕНД_ДИАГНОСТИКИ - Ip хоста успешно получен...
2022-11-01 14:16:53 - INFO - СТЕНД_ДИАГНОСТИКИ - Проверка подключения к БД...
2022-11-01 14:16:53 - INFO - СТЕНД_ДИАГНОСТИКИ - Подключение к БД успешно!
2022-11-01 14:16:53 - INFO - СТЕНД_ДИАГНОСТИКИ - Включение tcp-to-serial мостов...
2022-11-01 14:16:53 - INFO - СТЕНД_ДИАГНОСТИКИ - Cервис tcp-to-serial-bridge-router1 запущен
2022-11-01 14:16:54 - ERROR - СТЕНД_ДИАГНОСТИКИ - Сервис tftp не удается запустить,                             выполнение программы невозможно
2022-11-01 14:16:55 - ERROR - СТЕНД_ДИАГНОСТИКИ - Сервис vsftp не удается запустить,                             выполнение программы невозможно
2022-11-01 14:17:25 - INFO - СТЕНД_ДИАГНОСТИКИ - Получении ip хоста...
2022-11-01 14:17:25 - INFO - СТЕНД_ДИАГНОСТИКИ - Ip хоста успешно получен...
2022-11-01 14:17:25 - INFO - СТЕНД_ДИАГНОСТИКИ - Проверка подключения к БД...
2022-11-01 14:17:25 - INFO - СТЕНД_ДИАГНОСТИКИ - Подключение к БД успешно!
2022-11-01 14:17:25 - INFO - СТЕНД_ДИАГНОСТИКИ - Включение tcp-to-serial мостов...
2022-11-01 14:17:25 - INFO - СТЕНД_ДИАГНОСТИКИ - Cервис tcp-to-serial-bridge-router1 запущен
2022-11-01 14:17:26 - ERROR - СТЕНД_ДИАГНОСТИКИ - Сервис tftp не удается запустить,                             выполнение программы невозможно
2022-11-01 14:17:27 - ERROR - СТЕНД_ДИАГНОСТИКИ - Сервис vsftp не удается запустить,                             выполнение программы невозможно
2022-11-01 14:19:55 - INFO - СТЕНД_ДИАГНОСТИКИ - Получении ip хоста...
2022-11-01 14:19:55 - INFO - СТЕНД_ДИАГНОСТИКИ - Ip хоста успешно получен...
2022-11-01 14:19:55 - INFO - СТЕНД_ДИАГНОСТИКИ - Проверка подключения к БД...
2022-11-01 14:19:55 - INFO - СТЕНД_ДИАГНОСТИКИ - Подключение к БД успешно!
2022-11-01 14:19:55 - INFO - СТЕНД_ДИАГНОСТИКИ - Включение tcp-to-serial мостов...
2022-11-01 14:19:56 - INFO - СТЕНД_ДИАГНОСТИКИ - Cервис tcp-to-serial-bridge-router1 запущен
2022-11-01 14:19:56 - INFO - СТЕНД_ДИАГНОСТИКИ - Cервис tftpd-hpa запущен
2022-11-01 14:19:57 - INFO - СТЕНД_ДИАГНОСТИКИ - Cервис vsftpd запущен
2022-11-01 14:28:28 - INFO - СТЕНД_ДИАГНОСТИКИ - Получении ip хоста...
2022-11-01 14:28:28 - INFO - СТЕНД_ДИАГНОСТИКИ - Ip хоста успешно получен...
2022-11-01 14:28:28 - INFO - СТЕНД_ДИАГНОСТИКИ - Проверка подключения к БД...
2022-11-01 14:28:28 - INFO - СТЕНД_ДИАГНОСТИКИ - Подключение к БД успешно!
2022-11-01 14:28:28 - INFO - СТЕНД_ДИАГНОСТИКИ - Включение tcp-to-serial мостов...
2022-11-01 14:28:29 - INFO - СТЕНД_ДИАГНОСТИКИ - Cервис tcp-to-serial-bridge-router1 запущен
2022-11-01 14:28:29 - INFO - СТЕНД_ДИАГНОСТИКИ - Cервис tftpd-hpa запущен
2022-11-01 14:28:30 - INFO - СТЕНД_ДИАГНОСТИКИ - Cервис vsftpd запущен
2022-11-01 14:31:58 - INFO - СТЕНД_ДИАГНОСТИКИ - Получении ip хоста...
2022-11-01 14:31:58 - INFO - СТЕНД_ДИАГНОСТИКИ - Ip хоста успешно получен...
2022-11-01 14:31:58 - INFO - СТЕНД_ДИАГНОСТИКИ - Проверка подключения к БД...
2022-11-01 14:31:58 - INFO - СТЕНД_ДИАГНОСТИКИ - Подключение к БД успешно!
2022-11-01 14:31:58 - INFO - СТЕНД_ДИАГНОСТИКИ - Включение tcp-to-serial мостов...
2022-11-01 14:31:59 - INFO - СТЕНД_ДИАГНОСТИКИ - Cервис tcp-to-serial-bridge-router1 запущен
2022-11-01 14:32:00 - INFO - СТЕНД_ДИАГНОСТИКИ - Cервис tftpd-hpa запущен
2022-11-01 14:32:00 - INFO - СТЕНД_ДИАГНОСТИКИ - Cервис vsftpd запущен
