2022-11-01 14:16:55 - INFO - СТЕНД_ДИАГНОСТИКИ -  RS1020011B0120  -  1  -  hw_check: Вход в Uboot устройства
2022-11-01 14:17:27 - INFO - СТЕНД_ДИАГНОСТИКИ -  RS1020011B0120  -  1  -  hw_check: Вход в Uboot устройства
2022-11-01 14:17:47 - ERROR - СТЕНД_ДИАГНОСТИКИ -  RS1020011B0120  -  1  -  enter_uboot: Не удалось войти в U-BOOT...
2022-11-01 14:17:47 - ERROR - СТЕНД_ДИАГНОСТИКИ -  RS1020011B0120  -  1  -  run: Устройство закончило работу с ошибкой: Не удалось войти в Uboot. Возможно BOOT LOOP!
2022-11-01 14:19:57 - INFO - СТЕНД_ДИАГНОСТИКИ -  RS1020011B0120  -  1  -  hw_check: Вход в Uboot устройства
2022-11-01 14:20:17 - ERROR - СТЕНД_ДИАГНОСТИКИ -  RS1020011B0120  -  1  -  enter_uboot: Не удалось войти в U-BOOT...
2022-11-01 14:20:17 - ERROR - СТЕНД_ДИАГНОСТИКИ -  RS1020011B0120  -  1  -  run: Устройство закончило работу с ошибкой: Не удалось войти в Uboot. Возможно BOOT LOOP!
2022-11-01 14:28:30 - INFO - СТЕНД_ДИАГНОСТИКИ -  RS1020011B0120  -  1  -  hw_check: Вход в Uboot устройства
2022-11-01 14:28:42 - INFO - СТЕНД_ДИАГНОСТИКИ -  RS1020011B0120  -  1  -  enter_uboot: Вход в U-boot выполнен успешно
2022-11-01 14:28:42 - INFO - СТЕНД_ДИАГНОСТИКИ -  RS1020011B0120  -  1  -  hw_check: Инициализация SSD устойства
2022-11-01 14:29:16 - INFO - СТЕНД_ДИАГНОСТИКИ -  RS1020011B0120  -  1  -  init_disk: SSD удалось инициализировать! SSD удалось инициализировать 6 раз из 6
2022-11-01 14:29:16 - INFO - СТЕНД_ДИАГНОСТИКИ -  RS1020011B0120  -  1  -  hw_check: Настройка Bootmenu устройства
2022-11-01 14:29:16 - INFO - СТЕНД_ДИАГНОСТИКИ -  RS1020011B0120  -  1  -  set_bootmenu: Начало наcтройки BOOTMENU
2022-11-01 14:30:46 - ERROR - СТЕНД_ДИАГНОСТИКИ -  RS1020011B0120  -  1  -  send_commands: No link. Проблема с соединением.
2022-11-01 14:30:46 - ERROR - СТЕНД_ДИАГНОСТИКИ -  RS1020011B0120  -  1  -  run: Устройство закончило работу с ошибкой: No link. Проблема с соединением. Проверьте кабель и SFP-модуль.
2022-11-01 14:32:01 - INFO - СТЕНД_ДИАГНОСТИКИ -  RS1020011B0120  -  1  -  hw_check: Вход в Uboot устройства
2022-11-01 14:32:13 - INFO - СТЕНД_ДИАГНОСТИКИ -  RS1020011B0120  -  1  -  enter_uboot: Вход в U-boot выполнен успешно
2022-11-01 14:32:13 - INFO - СТЕНД_ДИАГНОСТИКИ -  RS1020011B0120  -  1  -  hw_check: Инициализация SSD устойства
2022-11-01 14:32:47 - INFO - СТЕНД_ДИАГНОСТИКИ -  RS1020011B0120  -  1  -  init_disk: SSD удалось инициализировать! SSD удалось инициализировать 6 раз из 6
2022-11-01 14:32:47 - INFO - СТЕНД_ДИАГНОСТИКИ -  RS1020011B0120  -  1  -  hw_check: Настройка Bootmenu устройства
2022-11-01 14:32:47 - INFO - СТЕНД_ДИАГНОСТИКИ -  RS1020011B0120  -  1  -  set_bootmenu: Начало наcтройки BOOTMENU
2022-11-01 14:34:17 - ERROR - СТЕНД_ДИАГНОСТИКИ -  RS1020011B0120  -  1  -  send_commands: No link. Проблема с соединением.
2022-11-01 14:34:17 - ERROR - СТЕНД_ДИАГНОСТИКИ -  RS1020011B0120  -  1  -  run: Устройство закончило работу с ошибкой: No link. Проблема с соединением. Проверьте кабель и SFP-модуль.
